Log file open, 12/07/17 15:16:53
LogWindows: Failed to load 'aqProf.dll' (GetLastError=126)
LogWindows: File 'aqProf.dll' does not exist
LogWindows: Failed to load 'VSPerf140.dll' (GetLastError=126)
LogWindows: File 'VSPerf140.dll' does not exist
LogWindows: Failed to load 'VtuneApi.dll' (GetLastError=126)
LogWindows: File 'VtuneApi.dll' does not exist
LogWindows: Failed to load 'VtuneApi32e.dll' (GetLastError=126)
LogWindows: File 'VtuneApi32e.dll' does not exist
LogInit: Display: Running engine for game: AnonU
LogPlatformFile: Not using cached read wrapper
LogInit: Display: RandInit(-1784981714) SRandInit(-1784981714).
LogTaskGraph: Started task graph with 5 named threads and 8 total threads with 3 sets of task threads.
LogStats: Stats thread started at 0.121494
LogD3D11RHI: Aftermath initialized
LogPluginManager: Mounting plugin Paper2D
LogPluginManager: Mounting plugin LightPropagationVolume
LogPluginManager: Mounting plugin CodeLiteSourceCodeAccess
LogPluginManager: Mounting plugin GitSourceControl
LogPluginManager: Mounting plugin KDevelopSourceCodeAccess
LogPluginManager: Mounting plugin NullSourceCodeAccess
LogPluginManager: Mounting plugin PerforceSourceControl
LogPluginManager: Mounting plugin SubversionSourceControl
LogPluginManager: Mounting plugin UObjectPlugin
LogPluginManager: Mounting plugin VisualStudioSourceCodeAccess
LogPluginManager: Mounting plugin XCodeSourceCodeAccess
LogPluginManager: Mounting plugin AssetManagerEditor
LogPluginManager: Mounting plugin AudioCapture
LogPluginManager: Mounting plugin FacialAnimation
LogPluginManager: Mounting plugin GameplayTagsEditor
LogPluginManager: Mounting plugin MobileLauncherProfileWizard
LogPluginManager: Mounting plugin PluginBrowser
LogPluginManager: Mounting plugin SpeedTreeImporter
LogPluginManager: Mounting plugin AlembicImporter
LogPluginManager: Mounting plugin CharacterAI
LogPluginManager: Mounting plugin HTML5Networking
LogPluginManager: Mounting plugin AndroidMedia
LogPluginManager: Mounting plugin AvfMedia
LogPluginManager: Mounting plugin MediaPlayerEditor
LogPluginManager: Mounting plugin WmfMedia
LogPluginManager: Mounting plugin TcpMessaging
LogPluginManager: Mounting plugin UdpMessaging
LogPluginManager: Mounting plugin LevelSequenceEditor
LogPluginManager: Mounting plugin MatineeToLevelSequence
LogPluginManager: Mounting plugin OnlineSubsystemGooglePlay
LogPluginManager: Mounting plugin OnlineSubsystemIOS
LogPluginManager: Mounting plugin OnlineSubsystem
LogPluginManager: Mounting plugin OnlineSubsystemNull
LogPluginManager: Mounting plugin OnlineSubsystemUtils
LogPluginManager: Mounting plugin AndroidDeviceProfileSelector
LogPluginManager: Mounting plugin AndroidMoviePlayer
LogPluginManager: Mounting plugin AndroidPermission
LogPluginManager: Mounting plugin AppleMoviePlayer
LogPluginManager: Mounting plugin ArchVisCharacter
LogPluginManager: Mounting plugin CableComponent
LogPluginManager: Mounting plugin CustomMeshComponent
LogPluginManager: Mounting plugin ExampleDeviceProfileSelector
LogPluginManager: Mounting plugin GoogleCloudMessaging
LogPluginManager: Mounting plugin ImmediatePhysics
LogPluginManager: Mounting plugin IOSDeviceProfileSelector
LogPluginManager: Mounting plugin LinuxDeviceProfileSelector
LogPluginManager: Mounting plugin LocationServicesBPLibrary
LogPluginManager: Mounting plugin MobilePatchingUtils
LogPluginManager: Mounting plugin OculusVR
LogPluginManager: Mounting plugin PhysXVehicles
LogPluginManager: Mounting plugin ProceduralMeshComponent
LogPluginManager: Mounting plugin RuntimePhysXCooking
LogPluginManager: Mounting plugin SteamVR
LogPluginManager: Mounting plugin WebBrowserWidget
LogPluginManager: Mounting plugin WindowsMoviePlayer
LogInit: Using libcurl 7.47.1
LogInit:  - built for x86_64-pc-win32
LogInit:  - supports SSL with OpenSSL/1.0.2g
LogInit:  - supports HTTP deflate (compression) using libz 1.2.8
LogInit:  - other features:
LogInit:      CURL_VERSION_SSL
LogInit:      CURL_VERSION_LIBZ
LogInit:      CURL_VERSION_IPV6
LogInit:      CURL_VERSION_ASYNCHDNS
LogInit:      CURL_VERSION_LARGEFILE
LogInit:      CURL_VERSION_IDN
LogInit:  CurlRequestOptions (configurable via config and command line):
LogInit:  - bVerifyPeer = false  - Libcurl will NOT verify peer certificate
LogInit:  - bUseHttpProxy = false  - Libcurl will NOT use HTTP proxy
LogInit:  - bDontReuseConnections = false  - Libcurl will reuse connections
LogInit:  - CertBundlePath = nullptr  - Libcurl will use whatever was configured at build time.
LogInit: Build: ++UE4+Release-4.17-CL-3658906
LogInit: Engine Version: 4.17.2-3658906+++UE4+Release-4.17
LogInit: Compatible Engine Version: 4.17.0-3573198+++UE4+Release-4.17
LogInit: Net CL: 3573198
LogDevObjectVersion: Number of dev versions registered: 16
LogDevObjectVersion:   Dev-Blueprints (B0D832E4-1F89-4F0D-ACCF-7EB736FD4AA2): 10
LogDevObjectVersion:   Dev-Build (E1C64328-A22C-4D53-A36C-8E866417BD8C): 0
LogDevObjectVersion:   Dev-Core (375EC13C-06E4-48FB-B500-84F0262A717E): 2
LogDevObjectVersion:   Dev-Editor (E4B068ED-F494-42E9-A231-DA0B2E46BB41): 20
LogDevObjectVersion:   Dev-Framework (CFFC743F-43B0-4480-9391-14DF171D2073): 28
LogDevObjectVersion:   Dev-Mobile (B02B49B5-BB20-44E9-A304-32B752E40360): 0
LogDevObjectVersion:   Dev-Networking (A4E4105C-59A1-49B5-A7C5-40C4547EDFEE): 0
LogDevObjectVersion:   Dev-Online (39C831C9-5AE6-47DC-9A44-9C173E1C8E7C): 0
LogDevObjectVersion:   Dev-Physics (78F01B33-EBEA-4F98-B9B4-84EACCB95AA2): 0
LogDevObjectVersion:   Dev-Platform (6631380F-2D4D-43E0-8009-CF276956A95A): 0
LogDevObjectVersion:   Dev-Rendering (12F88B9F-8875-4AFC-A67C-D90C383ABD29): 19
LogDevObjectVersion:   Dev-Sequencer (7B5AE74C-D270-4C10-A958-57980B212A5A): 4
LogDevObjectVersion:   Dev-VR (D7296918-1DD6-4BDD-9DE2-64A83CC13884): 0
LogDevObjectVersion:   Dev-LoadTimes (C2A15278-BFE7-4AFE-6C17-90FF531DF755): 1
LogDevObjectVersion:   Private-Geometry (6EACA3D4-40EC-4CC1-B786-8BED09428FC5): 1
LogDevObjectVersion:   Dev-AnimPhys (29E575DD-E0A3-4627-9D10-D276232CDCEA): 7
LogInit: Compiled (64-bit): Sep 22 2017 13:47:16
LogInit: Compiled with Visual C++: 19.00.24215.01
LogInit: Build Configuration: Development
LogInit: Branch Name: ++UE4+Release-4.17
LogInit: Command line: -EpicPortal 
LogInit: Base directory: C:/Program Files/Epic Games/UE_4.17/Engine/Binaries/Win64/
LogInit: Installed Engine Build: 1
LogInit: Presizing for max 8388607 objects, including 0 objects not considered by GC, pre-allocating 0 bytes for permanent pool.
LogInit: Object subsystem initialized
[2017.12.07-20.16.54:186][  0]LogInit: Selected Device Profile: [Windows]
[2017.12.07-20.16.54:186][  0]LogInit: Applying CVar settings loaded from the selected device profile: [Windows]
[2017.12.07-20.16.54:204][  0]LogInit: Computer: ENVY7
[2017.12.07-20.16.54:204][  0]LogInit: User: user
[2017.12.07-20.16.54:204][  0]LogInit: CPU Page size=4096, Cores=2
[2017.12.07-20.16.54:204][  0]LogInit: High frequency timer resolution =2.531248 MHz
[2017.12.07-20.16.54:205][  0]LogMemory: Memory total: Physical=11.9GB (12GB approx)
[2017.12.07-20.16.54:205][  0]LogMemory: Platform Memory Stats for Windows
[2017.12.07-20.16.54:205][  0]LogMemory: Process Physical Memory: 277.44 MB used, 277.44 MB peak
[2017.12.07-20.16.54:205][  0]LogMemory: Process Virtual Memory: 275.67 MB used, 275.67 MB peak
[2017.12.07-20.16.54:205][  0]LogMemory: Physical Memory: 4618.84 MB used,  7557.57 MB free, 12176.41 MB total
[2017.12.07-20.16.54:205][  0]LogMemory: Virtual Memory: 666.72 MB used,  7557.57 MB free, 134217728.00 MB total
[2017.12.07-20.16.54:471][  0]LogInit: Using OS detected language (en-US).
[2017.12.07-20.16.54:471][  0]LogInit: Using OS detected locale (en-US).
[2017.12.07-20.16.54:475][  0]LogTextLocalizationManager: No specific localization for 'en-US' exists, so the 'en' localization will be used.
[2017.12.07-20.16.55:312][  0]LogD3D11RHI: D3D11 adapters:
[2017.12.07-20.16.55:319][  0]LogD3D11RHI:    0. 'Intel(R) HD Graphics 520' (Feature Level 11_0)
[2017.12.07-20.16.55:319][  0]LogD3D11RHI:       128/0/6088 MB DedicatedVideo/DedicatedSystem/SharedSystem, Outputs:1, VendorId:0x8086
[2017.12.07-20.16.55:321][  0]LogD3D11RHI:    1. 'Microsoft Basic Render Driver' (Feature Level 11_0)
[2017.12.07-20.16.55:321][  0]LogD3D11RHI:       0/0/6088 MB DedicatedVideo/DedicatedSystem/SharedSystem, Outputs:0, VendorId:0x1414
[2017.12.07-20.16.55:321][  0]LogD3D11RHI: Chosen D3D11 Adapter: 0
[2017.12.07-20.16.55:327][  0]LogD3D11RHI: Creating new Direct3DDevice
[2017.12.07-20.16.55:327][  0]LogD3D11RHI:     GPU DeviceId: 0x1916 (for the marketing name, search the web for "GPU Device Id")
[2017.12.07-20.16.55:327][  0]LogWindows: EnumDisplayDevices:
[2017.12.07-20.16.55:327][  0]LogWindows:    0. 'Intel(R) HD Graphics 520' (P:1 D:1)
[2017.12.07-20.16.55:328][  0]LogWindows:    1. 'Intel(R) HD Graphics 520' (P:0 D:0)
[2017.12.07-20.16.55:328][  0]LogWindows:    2. 'Intel(R) HD Graphics 520' (P:0 D:0)
[2017.12.07-20.16.55:328][  0]LogWindows: DebugString: FoundDriverCount:3 
[2017.12.07-20.16.55:328][  0]LogD3D11RHI:     Adapter Name: Intel(R) HD Graphics 520
[2017.12.07-20.16.55:328][  0]LogD3D11RHI:   Driver Version: 21.20.16.4542 (internal:21.20.16.4542, unified:21.20.16.4542)
[2017.12.07-20.16.55:328][  0]LogD3D11RHI:      Driver Date: 10-24-2016
[2017.12.07-20.16.55:328][  0]LogRHI: Texture pool is 1361 MB (70% of 1945 MB)
[2017.12.07-20.16.55:335][  0]LogD3D11RHI: Async texture creation enabled
[2017.12.07-20.16.55:340][  0]LogD3D11RHI: GPU Timing Frequency: 12.000000 (Debug: 2 0)
[2017.12.07-20.16.55:342][  0]LogShaderCompilers: Guid format shader working directory is -16 characters bigger than the processId version (../../../../../../Users/user/Documents/Unreal Projects/AnonU/Intermediate/Shaders/WorkingDirectory/14156/).
[2017.12.07-20.16.55:342][  0]LogShaderCompilers: Cleaned the shader compiler working directory 'C:/Users/user/AppData/Local/Temp/UnrealShaderWorkingDir/30ED61CC499AAF11010972BD35FC8CDE/'.
[2017.12.07-20.16.55:342][  0]LogShaderCompilers: Display: Using Local Shader Compiler.
[2017.12.07-20.16.56:530][  0]LogTemp: Display: Loaded TP AllDesktopTargetPlatform
[2017.12.07-20.16.56:628][  0]LogTemp: Display: Loaded TP MacClientTargetPlatform
[2017.12.07-20.16.56:719][  0]LogTemp: Display: Loaded TP MacNoEditorTargetPlatform
[2017.12.07-20.16.56:808][  0]LogTemp: Display: Loaded TP MacServerTargetPlatform
[2017.12.07-20.16.56:891][  0]LogTemp: Display: Loaded TP MacTargetPlatform
[2017.12.07-20.16.56:968][  0]LogTemp: Display: Loaded TP WindowsClientTargetPlatform
[2017.12.07-20.16.57:046][  0]LogTemp: Display: Loaded TP WindowsNoEditorTargetPlatform
[2017.12.07-20.16.57:125][  0]LogTemp: Display: Loaded TP WindowsServerTargetPlatform
[2017.12.07-20.16.57:198][  0]LogTemp: Display: Loaded TP WindowsTargetPlatform
[2017.12.07-20.16.57:277][  0]LogTemp: Display: Loaded TP AndroidTargetPlatform
[2017.12.07-20.16.57:355][  0]LogTemp: Display: Loaded TP Android_ASTCTargetPlatform
[2017.12.07-20.16.57:434][  0]LogTemp: Display: Loaded TP Android_ATCTargetPlatform
[2017.12.07-20.16.57:512][  0]LogTemp: Display: Loaded TP Android_DXTTargetPlatform
[2017.12.07-20.16.57:588][  0]LogTemp: Display: Loaded TP Android_ETC1TargetPlatform
[2017.12.07-20.16.57:663][  0]LogTemp: Display: Loaded TP Android_ETC2TargetPlatform
[2017.12.07-20.16.57:817][  0]LogTemp: Display: Loaded TP Android_MultiTargetPlatform
[2017.12.07-20.16.57:817][  0]LogTemp: Display: Loaded TP Android_PVRTCTargetPlatform
[2017.12.07-20.16.57:882][  0]LogTemp: Display: Loaded TP HTML5TargetPlatform
[2017.12.07-20.16.58:016][  0]LogTemp: Display: Loaded TP IOSTargetPlatform
[2017.12.07-20.16.58:071][  0]LogTemp: Display: Loaded TP TVOSTargetPlatform
[2017.12.07-20.16.58:166][  0]LogTemp: Display: Loaded TP LinuxClientTargetPlatform
[2017.12.07-20.16.58:262][  0]LogTemp: Display: Loaded TP LinuxNoEditorTargetPlatform
[2017.12.07-20.16.58:347][  0]LogTemp: Display: Loaded TP LinuxServerTargetPlatform
[2017.12.07-20.16.58:435][  0]LogTemp: Display: Loaded TP LinuxTargetPlatform
[2017.12.07-20.16.58:435][  0]LogTargetPlatformManager: Display: Building Assets For Windows
[2017.12.07-20.16.59:460][  0]LogDerivedDataCache: Display: Max Cache Size: 512 MB
[2017.12.07-20.16.59:576][  0]LogDerivedDataCache: Loaded boot cache 0.11s 93MB C:/Users/user/AppData/Local/UnrealEngine/4.17/DerivedDataCache/Boot.ddc.
[2017.12.07-20.16.59:576][  0]LogDerivedDataCache: Display: Loaded Boot cache: C:/Users/user/AppData/Local/UnrealEngine/4.17/DerivedDataCache/Boot.ddc
[2017.12.07-20.16.59:576][  0]LogDerivedDataCache: FDerivedDataBackendGraph:  Pak pak cache file ../../../../../../Users/user/Documents/Unreal Projects/AnonU/DerivedDataCache/DDC.ddp not found, will not use a pak cache.
[2017.12.07-20.16.59:576][  0]LogDerivedDataCache: Unable to find inner node Pak for hierarchical cache Hierarchy.
[2017.12.07-20.16.59:576][  0]LogDerivedDataCache: FDerivedDataBackendGraph:  CompressedPak pak cache file ../../../../../../Users/user/Documents/Unreal Projects/AnonU/DerivedDataCache/Compressed.ddp not found, will not use a pak cache.
[2017.12.07-20.16.59:576][  0]LogDerivedDataCache: Unable to find inner node CompressedPak for hierarchical cache Hierarchy.
[2017.12.07-20.16.59:593][  0]LogDerivedDataCache: Display: Pak cache opened for reading ../../../Engine/DerivedDataCache/Compressed.ddp.
[2017.12.07-20.16.59:606][  0]LogDerivedDataCache: Using Local data cache path C:/Users/user/AppData/Local/UnrealEngine/Common/DerivedDataCache: Writable
[2017.12.07-20.16.59:616][  0]LogMaterial: Verifying Global Shaders for PCD3D_SM5
[2017.12.07-20.16.59:616][  0]LogSlate: Using Freetype 2.6.0
[2017.12.07-20.16.59:617][  0]LogSlate: SlateFontCache - WITH_FREETYPE: 1, WITH_HARFBUZZ: 1
[2017.12.07-20.16.59:617][  0]LogSlate: SlateFontCache - WITH_FREETYPE: 1, WITH_HARFBUZZ: 1
[2017.12.07-20.16.59:930][  0]LogAssetRegistry: FAssetRegistry took 0.0266 seconds to start up
[2017.12.07-20.17.00:100][  0]LogInit: Selected Device Profile: [Windows]
[2017.12.07-20.17.00:292][  0]LogContentStreaming: Texture pool size is 0.00 MB
[2017.12.07-20.17.00:836][  0]LogSimplygon: Simplygon DLL not present - disabling.
[2017.12.07-20.17.00:929][  0]LogMeshReduction: Using SimplygonSwarm for distributed automatic mesh merging
[2017.12.07-20.17.00:929][  0]LogMeshReduction: Using QuadricMeshReduction for automatic static mesh reduction
[2017.12.07-20.17.00:929][  0]LogMeshReduction: No automatic skeletal mesh reduction module available
[2017.12.07-20.17.00:929][  0]LogMeshReduction: No automatic mesh merging module available
[2017.12.07-20.17.00:929][  0]LogMeshMerging: No automatic mesh merging module available
[2017.12.07-20.17.01:447][  0]LogNetVersion: AnonU , NetCL: 3573198, EngineNetVer: 2, GameNetVer: 0 (Checksum: 2782841342)
[2017.12.07-20.17.01:782][  0]LogPackageLocalizationCache: Processed 5 localized package path(s) for 2 prioritized culture(s) in 0.078984 seconds
[2017.12.07-20.17.01:792][  0]LogUObjectArray: 35825 objects as part of root set at end of initial load.
[2017.12.07-20.17.01:792][  0]LogUObjectAllocator: 7529112 out of 0 bytes used by permanent object pool.
[2017.12.07-20.17.01:792][  0]LogUObjectArray: CloseDisregardForGC: 0/0 objects in disregard for GC pool
[2017.12.07-20.17.01:933][  0]LogInit: WinSock: version 1.1 (2.2), MaxSocks=32767, MaxUdp=65467
[2017.12.07-20.17.06:114][  0]LogTcpMessaging: Initializing TcpMessaging bridge
[2017.12.07-20.17.06:168][  0]LogUdpMessaging: Initializing bridge on interface 0.0.0.0:0 to multicast group 230.0.0.1:6666.
[2017.12.07-20.17.07:262][  0]LogMaterial: Uniform references updated for custom material expression Custom.
[2017.12.07-20.17.07:931][  0]SourceControl: Source control is disabled
[2017.12.07-20.17.07:931][  0]SourceControl: Source control is disabled
[2017.12.07-20.17.08:019][  0]SourceControl: Source control is disabled
[2017.12.07-20.17.08:104][  0]SourceControl: Source control is disabled
[2017.12.07-20.17.08:992][  0]LogAndroidPermission: UAndroidPermissionCallbackProxy::GetInstance
[2017.12.07-20.17.09:366][  0]LogOcInput: OculusInput pre-init called
[2017.12.07-20.17.09:749][  0]LogEngine: Initializing Engine...
[2017.12.07-20.17.09:751][  0]LogHMD: Failed to initialize OpenVR with code 110
[2017.12.07-20.17.10:008][  0]LogStats: UGameplayTagsManager::ConstructGameplayTagTree: Construct from data asset -  0.000 s
[2017.12.07-20.17.10:009][  0]LogStats: UGameplayTagsManager::ConstructGameplayTagTree: GameplayTagTreeChangedEvent.Broadcast -  0.000 s
[2017.12.07-20.17.10:214][  0]LogAIModule: Creating AISystem for world Untitled
[2017.12.07-20.17.10:226][  0]LogInit: XAudio2 using 'Speakers (Conexant SmartAudio HD)' : 2 channels at 48 kHz using 32 bits per sample (channel mask 0x3)
[2017.12.07-20.17.10:281][  0]LogInit: FAudioDevice initialized.
[2017.12.07-20.17.10:388][  0]LogDerivedDataCache: Saved boot cache 0.11s 93MB C:/Users/user/AppData/Local/UnrealEngine/4.17/DerivedDataCache/Boot.ddc.
[2017.12.07-20.17.10:405][  0]LogInit: Texture streaming: Enabled
[2017.12.07-20.17.10:634][  0]LogEngineSessionManager: EngineSessionManager initialized
[2017.12.07-20.17.11:009][  0]LogInit: Transaction tracking system initialized
[2017.12.07-20.17.11:533][  0]BlueprintLog: New page: Editor Load
[2017.12.07-20.17.13:093][  0]LocalizationService: Localization service is disabled
[2017.12.07-20.17.14:380][  0]LogConsoleResponse: Display: 
[2017.12.07-20.17.14:617][  0]LogCook: Display: Max memory allowance for cook 16384mb min free memory 0mb
[2017.12.07-20.17.14:618][  0]LogCook: Display: Mobile HDR setting 1
[2017.12.07-20.17.14:618][  0]LogGameplayTags: Display: UGameplayTagsManager::DoneAddingNativeTags. DelegateIsBound: 0
[2017.12.07-20.17.15:707][  0]LogFileCache: Scanning file cache for directory 'C:/Users/user/Documents/Unreal Projects/AnonU/Content/' took 0.02s
[2017.12.07-20.17.16:383][  0]SourceControl: Source control is disabled
[2017.12.07-20.17.16:383][  0]Cmd: MAP LOAD FILE="../../../../../../Users/user/Documents/Unreal Projects/AnonU/Content/TopDownBP/Maps/TopDownExampleMap.umap" TEMPLATE=0 SHOWPROGRESS=1 FEATURELEVEL=3
[2017.12.07-20.17.16:383][  0]LightingResults: New page: Lighting Build
[2017.12.07-20.17.16:452][  0]MapCheck: New page: Map Check
[2017.12.07-20.17.16:452][  0]LightingResults: New page: Lighting Build
[2017.12.07-20.17.17:298][  0]LogAIModule: Creating AISystem for world TopDownExampleMap
[2017.12.07-20.17.17:382][  0]LogStreaming: Display: ULevelStreaming::RequestLevel(/Game/TopDownBP/Maps/Minigame) is flushing async loading
[2017.12.07-20.17.17:498][  0]LogBlueprint: Warning: [Compiler PuzzlePlayerCharacter] InputAction Event references unknown Action 'TriggerClick' for  InputAction TriggerClick
[2017.12.07-20.17.17:499][  0]LogBlueprint: Error: [Compiler PuzzlePlayerCharacter] In use pin  <Unnamed>  no longer exists on this node. Please refresh node or break links to remove pin.
[2017.12.07-20.17.17:499][  0]LogBlueprint: Error: [Compiler PuzzlePlayerCharacter] In use pin  <Unnamed>  no longer exists on this node. Please refresh node or break links to remove pin.
[2017.12.07-20.17.17:499][  0]LogBlueprint: Error: [Compiler PuzzlePlayerCharacter] In use pin  Target  no longer exists on this node. Please refresh node or break links to remove pin.
[2017.12.07-20.17.17:499][  0]LogBlueprint: Error: [Compiler PuzzlePlayerCharacter] Could not find a function named "HighlightOff" in 'PuzzleBlock_C'.
Make sure 'PuzzleBlock_C' has been compiled for  Highlight Off
[2017.12.07-20.17.17:499][  0]LogBlueprint: Error: [Compiler PuzzlePlayerCharacter] In use pin  <Unnamed>  no longer exists on this node. Please refresh node or break links to remove pin.
[2017.12.07-20.17.17:499][  0]LogBlueprint: Error: [Compiler PuzzlePlayerCharacter] In use pin  Target  no longer exists on this node. Please refresh node or break links to remove pin.
[2017.12.07-20.17.17:499][  0]LogBlueprint: Error: [Compiler PuzzlePlayerCharacter] Could not find a function named "HighlightOn" in 'PuzzleBlock_C'.
Make sure 'PuzzleBlock_C' has been compiled for  Highlight On
[2017.12.07-20.17.17:500][  0]LogBlueprint: Error: [Compiler PuzzlePlayerCharacter] This blueprint (self) is not a PuzzleBlock_C, therefore ' Target ' must have a connection.
[2017.12.07-20.17.17:502][  0]LogBlueprint: Warning: [Compiler PuzzlePlayerCharacter] [0025.70] Compile of PuzzlePlayerCharacter failed. 8 Fatal Issue(s) 1 Warning(s) [in 8 ms] (/Game/PuzzleBP/Blueprints/PuzzlePlayerCharacter.PuzzlePlayerCharacter)
[2017.12.07-20.17.17:628][  0]LogEditorServer: Finished looking for orphan Actors (0.000 secs)
[2017.12.07-20.17.17:684][  0]Cmd: MAP CHECKDEP NOCLEARLOG
[2017.12.07-20.17.17:785][  0]MapCheck: Map check complete: 0 Error(s), 0 Warning(s), took 101.069ms to complete.
[2017.12.07-20.17.17:785][  0]LogFileHelpers: Loading map 'TopDownExampleMap' took 1.403
[2017.12.07-20.17.17:847][  0]LogWindowsTextInputMethodSystem: Display: IME system now deactivated.
[2017.12.07-20.17.17:848][  0]LogWindowsTextInputMethodSystem: Display: IME system now deactivated.
[2017.12.07-20.17.17:970][  0]LogCollectionManager: Loaded 0 collections in 0.001834 seconds
[2017.12.07-20.17.18:098][  0]LogFileCache: Scanning file cache for directory 'C:/Users/user/Documents/Unreal Projects/AnonU/Saved/Collections/' took 0.01s
[2017.12.07-20.17.18:098][  0]LogFileCache: Scanning file cache for directory 'C:/Users/user/Documents/Unreal Projects/AnonU/Content/Developers/user/Collections/' took 0.01s
[2017.12.07-20.17.18:098][  0]LogFileCache: Scanning file cache for directory 'C:/Users/user/Documents/Unreal Projects/AnonU/Content/Collections/' took 0.01s
[2017.12.07-20.17.18:098][  0]LogCollectionManager: Rebuilt the GUID cache for 0 collections in 0.000001 seconds
[2017.12.07-20.17.18:109][  0]LogContentBrowser: Native class hierarchy populated in 0.0107 seconds. Added 2387 classes and 503 folders.
[2017.12.07-20.17.18:237][  0]LogContentBrowser: Native class hierarchy updated for 'WidgetCarousel' in 0.0007 seconds. Added 0 classes and 0 folders.
[2017.12.07-20.17.18:291][  0]LogContentBrowser: Native class hierarchy updated for 'AddContentDialog' in 0.0007 seconds. Added 0 classes and 0 folders.
[2017.12.07-20.17.18:365][  0]LogContentBrowser: Native class hierarchy updated for 'SceneOutliner' in 0.0007 seconds. Added 1 classes and 2 folders.
[2017.12.07-20.17.18:577][  0]LogContentBrowser: Native class hierarchy updated for 'HierarchicalLODOutliner' in 0.0012 seconds. Added 1 classes and 2 folders.
[2017.12.07-20.17.18:577][  0]LogLoad: (Engine Initialization) Total time: 26.77 seconds
[2017.12.07-20.17.18:577][  0]LogLoad: (Engine Initialization) Total Blueprint compile time: 0.00 seconds
[2017.12.07-20.17.18:577][  0]LogExternalProfiler: No external profilers were discovered.  External profiling features will not be available.
[2017.12.07-20.17.18:615][  0]LogContentStreaming: Texture pool size now 1000 MB
[2017.12.07-20.17.18:616][  0]LogSlate: Took 0.000250 seconds to synchronously load lazily loaded font '../../../Engine/Content/Slate/Fonts/Roboto-Regular.ttf' (155K)
[2017.12.07-20.17.18:618][  0]LogSlate: Took 0.000203 seconds to synchronously load lazily loaded font '../../../Engine/Content/Slate/Fonts/Roboto-Bold.ttf' (160K)
[2017.12.07-20.17.18:623][  0]LogSlate: Took 0.000258 seconds to synchronously load lazily loaded font '../../../Engine/Content/Editor/Slate/Fonts/FontAwesome.ttf' (139K)
[2017.12.07-20.17.18:712][  0]LogSlate: Took 0.000223 seconds to synchronously load lazily loaded font '../../../Engine/Content/Slate/Fonts/Roboto-Light.ttf' (159K)
[2017.12.07-20.17.18:781][  1]LogRenderer: Reallocating scene render targets to support 856x488 Format 10 NumSamples 1 (Frame:1).
[2017.12.07-20.17.19:479][  1]LogAssetRegistry: Asset discovery search completed in 19.5712 seconds
[2017.12.07-20.17.19:481][  1]LogCollectionManager: Rebuilt the object cache for 0 collections in 0.000000 seconds (found 0 objects)
[2017.12.07-20.17.19:481][  1]LogCollectionManager: Fixed up redirectors for 0 collections in 0.000080 seconds (updated 0 objects)
[2017.12.07-20.17.19:984][  3]LogSlate: Took 0.000295 seconds to synchronously load lazily loaded font '../../../Engine/Content/Slate/Fonts/Roboto-Light.ttf' (159K)
[2017.12.07-20.17.28:902][346]LogRenderer: Reallocating scene render targets to support 856x492 Format 10 NumSamples 1 (Frame:246).
[2017.12.07-20.17.28:960][347]LogRenderer: Reallocating scene render targets to support 856x520 Format 10 NumSamples 1 (Frame:248).
[2017.12.07-20.17.29:044][348]LogRenderer: Reallocating scene render targets to support 856x532 Format 10 NumSamples 1 (Frame:250).
[2017.12.07-20.17.29:121][349]LogRenderer: Reallocating scene render targets to support 856x540 Format 10 NumSamples 1 (Frame:252).
[2017.12.07-20.17.29:202][350]LogRenderer: Reallocating scene render targets to support 856x544 Format 10 NumSamples 1 (Frame:254).
[2017.12.07-20.17.29:289][351]LogRenderer: Reallocating scene render targets to support 856x548 Format 10 NumSamples 1 (Frame:256).
[2017.12.07-20.17.29:374][352]LogRenderer: Reallocating scene render targets to support 856x556 Format 10 NumSamples 1 (Frame:258).
[2017.12.07-20.17.29:518][354]LogRenderer: Reallocating scene render targets to support 856x560 Format 10 NumSamples 1 (Frame:262).
[2017.12.07-20.17.29:738][368]LogRenderer: Reallocating scene render targets to support 856x564 Format 10 NumSamples 1 (Frame:264).
[2017.12.07-20.17.30:010][384]LogRenderer: Reallocating scene render targets to support 856x568 Format 10 NumSamples 1 (Frame:268).
[2017.12.07-20.17.30:165][390]LogRenderer: Reallocating scene render targets to support 856x572 Format 10 NumSamples 1 (Frame:270).
[2017.12.07-20.17.30:461][399]LogRenderer: Reallocating scene render targets to support 856x576 Format 10 NumSamples 1 (Frame:276).
[2017.12.07-20.17.30:543][400]LogRenderer: Reallocating scene render targets to support 856x580 Format 10 NumSamples 1 (Frame:278).
[2017.12.07-20.17.30:629][401]LogRenderer: Reallocating scene render targets to support 856x584 Format 10 NumSamples 1 (Frame:280).
[2017.12.07-20.17.30:718][402]LogRenderer: Reallocating scene render targets to support 856x588 Format 10 NumSamples 1 (Frame:282).
[2017.12.07-20.17.30:801][403]LogRenderer: Reallocating scene render targets to support 856x592 Format 10 NumSamples 1 (Frame:284).
[2017.12.07-20.17.30:889][404]LogRenderer: Reallocating scene render targets to support 856x600 Format 10 NumSamples 1 (Frame:286).
[2017.12.07-20.17.30:979][405]LogRenderer: Reallocating scene render targets to support 856x604 Format 10 NumSamples 1 (Frame:288).
[2017.12.07-20.17.31:133][407]LogRenderer: Reallocating scene render targets to support 856x612 Format 10 NumSamples 1 (Frame:292).
[2017.12.07-20.17.31:239][408]LogRenderer: Reallocating scene render targets to support 856x616 Format 10 NumSamples 1 (Frame:294).
[2017.12.07-20.17.31:317][409]LogRenderer: Reallocating scene render targets to support 856x624 Format 10 NumSamples 1 (Frame:296).
[2017.12.07-20.17.32:450][438]LogRenderer: Reallocating scene render targets to support 860x624 Format 10 NumSamples 1 (Frame:324).
[2017.12.07-20.17.32:523][439]LogRenderer: Reallocating scene render targets to support 888x624 Format 10 NumSamples 1 (Frame:326).
[2017.12.07-20.17.32:609][440]LogRenderer: Reallocating scene render targets to support 936x624 Format 10 NumSamples 1 (Frame:328).
[2017.12.07-20.17.32:709][441]LogRenderer: Reallocating scene render targets to support 980x624 Format 10 NumSamples 1 (Frame:330).
[2017.12.07-20.17.32:827][442]LogRenderer: Reallocating scene render targets to support 1008x624 Format 10 NumSamples 1 (Frame:332).
[2017.12.07-20.17.32:926][443]LogRenderer: Reallocating scene render targets to support 1040x624 Format 10 NumSamples 1 (Frame:334).
[2017.12.07-20.17.33:035][444]LogRenderer: Reallocating scene render targets to support 1048x624 Format 10 NumSamples 1 (Frame:336).
[2017.12.07-20.17.33:142][445]LogRenderer: Reallocating scene render targets to support 1056x624 Format 10 NumSamples 1 (Frame:338).
[2017.12.07-20.17.33:338][447]LogRenderer: Reallocating scene render targets to support 1060x624 Format 10 NumSamples 1 (Frame:342).
[2017.12.07-20.17.36:091][502]LogRenderer: Reallocating scene render targets to support 1068x624 Format 10 NumSamples 1 (Frame:408).
[2017.12.07-20.17.36:189][503]LogRenderer: Reallocating scene render targets to support 1072x624 Format 10 NumSamples 1 (Frame:410).
[2017.12.07-20.17.36:404][505]LogRenderer: Reallocating scene render targets to support 1076x624 Format 10 NumSamples 1 (Frame:414).
[2017.12.07-20.17.36:495][506]LogRenderer: Reallocating scene render targets to support 1080x624 Format 10 NumSamples 1 (Frame:416).
[2017.12.07-20.17.38:146][543]LogTemp: Repeating last play command: Selected Viewport
[2017.12.07-20.17.38:218][543]LogBlueprintUserMessages: Early PlayInEditor Detection: Level '/Game/TopDownBP/Maps/TopDownExampleMap.TopDownExampleMap:PersistentLevel' has LevelScriptBlueprint '/Game/TopDownBP/Maps/TopDownExampleMap.TopDownExampleMap:PersistentLevel.TopDownExampleMap' with GeneratedClass '/Game/TopDownBP/Maps/TopDownExampleMap.TopDownExampleMap_C' with ClassGeneratedBy '/Game/TopDownBP/Maps/TopDownExampleMap.TopDownExampleMap:PersistentLevel.TopDownExampleMap'
[2017.12.07-20.17.38:218][543]LogBlueprintUserMessages: Early PlayInEditor Detection: Level '/Game/TopDownBP/Maps/Minigame.Minigame:PersistentLevel' has LevelScriptBlueprint '/Game/TopDownBP/Maps/Minigame.Minigame:PersistentLevel.Minigame' with GeneratedClass '/Game/TopDownBP/Maps/Minigame.Minigame_C' with ClassGeneratedBy '/Game/TopDownBP/Maps/Minigame.Minigame:PersistentLevel.Minigame'
[2017.12.07-20.17.38:218][543]LogPlayLevel: PlayLevel: No blueprints needed recompiling
[2017.12.07-20.17.40:695][543]PIE: New page: PIE session: TopDownExampleMap (Dec 7, 2017, 10:17:40 AM)
[2017.12.07-20.17.40:695][543]LogPlayLevel: Creating play world package: /Game/TopDownBP/Maps/UEDPIE_0_TopDownExampleMap
[2017.12.07-20.17.40:731][543]LogPlayLevel: PIE: StaticDuplicateObject took: (0.036113s)
[2017.12.07-20.17.40:734][543]LogAIModule: Creating AISystem for world TopDownExampleMap
[2017.12.07-20.17.40:734][543]LogPlayLevel: PIE: World Init took: (0.002774s)
[2017.12.07-20.17.40:735][543]LogPlayLevel: PIE: Created PIE world by copying editor world from /Game/TopDownBP/Maps/TopDownExampleMap.TopDownExampleMap to /Game/TopDownBP/Maps/UEDPIE_0_TopDownExampleMap.TopDownExampleMap (0.039526s)
[2017.12.07-20.17.40:753][543]LogInit: XAudio2 using 'Speakers (Conexant SmartAudio HD)' : 2 channels at 48 kHz using 32 bits per sample (channel mask 0x3)
[2017.12.07-20.17.40:758][543]LogInit: FAudioDevice initialized.
[2017.12.07-20.17.40:804][543]LogLoad: Game class is 'TopDownGameMode_C'
[2017.12.07-20.17.40:808][543]LogWorld: Bringing World /Game/TopDownBP/Maps/UEDPIE_0_TopDownExampleMap.TopDownExampleMap up for play (max tick rate 0) at 2017.12.07-15.17.40
[2017.12.07-20.17.40:809][543]LogWorld: Bringing up level for play took: 0.004256
[2017.12.07-20.17.40:879][543]LogContentBrowser: Native class hierarchy updated for 'MovieSceneCapture' in 0.0008 seconds. Added 11 classes and 0 folders.
[2017.12.07-20.17.40:883][543]PIE: Play in editor start time for /Game/TopDownBP/Maps/UEDPIE_0_TopDownExampleMap 1.753
[2017.12.07-20.17.40:884][543]LogBlueprintUserMessages: Late PlayInEditor Detection: Level '/Game/TopDownBP/Maps/TopDownExampleMap.TopDownExampleMap:PersistentLevel' has LevelScriptBlueprint '/Game/TopDownBP/Maps/TopDownExampleMap.TopDownExampleMap:PersistentLevel.TopDownExampleMap' with GeneratedClass '/Game/TopDownBP/Maps/TopDownExampleMap.TopDownExampleMap_C' with ClassGeneratedBy '/Game/TopDownBP/Maps/TopDownExampleMap.TopDownExampleMap:PersistentLevel.TopDownExampleMap'
[2017.12.07-20.17.40:884][543]LogBlueprintUserMessages: Late PlayInEditor Detection: Level '/Game/TopDownBP/Maps/Minigame.Minigame:PersistentLevel' has LevelScriptBlueprint '/Game/TopDownBP/Maps/Minigame.Minigame:PersistentLevel.Minigame' with GeneratedClass '/Game/TopDownBP/Maps/Minigame.Minigame_C' with ClassGeneratedBy '/Game/TopDownBP/Maps/Minigame.Minigame:PersistentLevel.Minigame'
[2017.12.07-20.17.42:088][571]LogWindows: Failed to load '../../../Engine/Binaries/ThirdParty/CEF3/Win64/ffmpegsumo.dll' (GetLastError=126)
[2017.12.07-20.17.42:088][571]LogWindows: File '../../../Engine/Binaries/ThirdParty/CEF3/Win64/ffmpegsumo.dll' does not exist
[2017.12.07-20.17.42:127][571]LogContentBrowser: Native class hierarchy updated for 'WebBrowser' in 0.0008 seconds. Added 0 classes and 0 folders.
[2017.12.07-20.17.47:223][724]LogScript: Warning: Accessed None trying to read property K2Node_DynamicCast_AsPaper_Guy2
	TopDownController_C /Game/TopDownBP/Maps/UEDPIE_0_TopDownExampleMap.TopDownExampleMap:PersistentLevel.TopDownController_C_0
	Function /Game/TopDownBP/Blueprints/TopDownController.TopDownController_C:ExecuteUbergraph_TopDownController:0017
[2017.12.07-20.17.47:223][724]PIE: Error: Blueprint Runtime Error: Accessed None trying to read property K2Node_DynamicCast_AsPaper_Guy2 from function: 'ExecuteUbergraph_TopDownController' from node: Change to Idle Flipbook in graph: EventGraph in object: TopDownController with description: Accessed None trying to read property K2Node_DynamicCast_AsPaper_Guy2
[2017.12.07-20.17.47:317][727]LogScript: Warning: Accessed None trying to read property K2Node_DynamicCast_AsPaper_Guy2
	TopDownController_C /Game/TopDownBP/Maps/UEDPIE_0_TopDownExampleMap.TopDownExampleMap:PersistentLevel.TopDownController_C_0
	Function /Game/TopDownBP/Blueprints/TopDownController.TopDownController_C:ExecuteUbergraph_TopDownController:0017
[2017.12.07-20.17.47:317][727]PIE: Error: Blueprint Runtime Error: Accessed None trying to read property K2Node_DynamicCast_AsPaper_Guy2 from function: 'ExecuteUbergraph_TopDownController' from node: Change to Idle Flipbook in graph: EventGraph in object: TopDownController with description: Accessed None trying to read property K2Node_DynamicCast_AsPaper_Guy2
[2017.12.07-20.17.48:613][767]LogBlueprintUserMessages: [TopDownExampleMap_C_1] GIrl: find my cat and I will bring you the password
[2017.12.07-20.17.51:216][845]LogBlueprintUserMessages: [catSprites_Sprite_0_Blueprint] Cat: Meow
[2017.12.07-20.17.54:715][946]LogBlueprintUserMessages: [TopDownExampleMap_C_1] Girl: the password is 'admin' 
[2017.12.07-20.18.31:796][ 64]LogBlueprintUserMessages: Early EndPlayMap Detection: Level '/Game/TopDownBP/Maps/TopDownExampleMap.TopDownExampleMap:PersistentLevel' has LevelScriptBlueprint '/Game/TopDownBP/Maps/TopDownExampleMap.TopDownExampleMap:PersistentLevel.TopDownExampleMap' with GeneratedClass '/Game/TopDownBP/Maps/TopDownExampleMap.TopDownExampleMap_C' with ClassGeneratedBy '/Game/TopDownBP/Maps/TopDownExampleMap.TopDownExampleMap:PersistentLevel.TopDownExampleMap'
[2017.12.07-20.18.31:796][ 64]LogBlueprintUserMessages: Early EndPlayMap Detection: Level '/Game/TopDownBP/Maps/Minigame.Minigame:PersistentLevel' has LevelScriptBlueprint '/Game/TopDownBP/Maps/Minigame.Minigame:PersistentLevel.Minigame' with GeneratedClass '/Game/TopDownBP/Maps/Minigame.Minigame_C' with ClassGeneratedBy '/Game/TopDownBP/Maps/Minigame.Minigame:PersistentLevel.Minigame'
[2017.12.07-20.18.31:872][ 64]LogBlueprintUserMessages: Late EndPlayMap Detection: Level '/Game/TopDownBP/Maps/TopDownExampleMap.TopDownExampleMap:PersistentLevel' has LevelScriptBlueprint '/Game/TopDownBP/Maps/TopDownExampleMap.TopDownExampleMap:PersistentLevel.TopDownExampleMap' with GeneratedClass '/Game/TopDownBP/Maps/TopDownExampleMap.TopDownExampleMap_C' with ClassGeneratedBy '/Game/TopDownBP/Maps/TopDownExampleMap.TopDownExampleMap:PersistentLevel.TopDownExampleMap'
[2017.12.07-20.18.31:873][ 64]LogBlueprintUserMessages: Late EndPlayMap Detection: Level '/Game/TopDownBP/Maps/Minigame.Minigame:PersistentLevel' has LevelScriptBlueprint '/Game/TopDownBP/Maps/Minigame.Minigame:PersistentLevel.Minigame' with GeneratedClass '/Game/TopDownBP/Maps/Minigame.Minigame_C' with ClassGeneratedBy '/Game/TopDownBP/Maps/Minigame.Minigame:PersistentLevel.Minigame'
[2017.12.07-20.18.32:625][ 80]LogEditorViewport: Clicking on Actor (LMB): Laptop_Blueprint_C (Laptop_Blueprint)
[2017.12.07-20.18.40:477][242]LogRenderer: Reallocating scene render targets to support 1088x624 Format 10 NumSamples 1 (Frame:654).
[2017.12.07-20.18.40:572][243]LogRenderer: Reallocating scene render targets to support 1092x624 Format 10 NumSamples 1 (Frame:656).
[2017.12.07-20.18.59:814][676]LogTemp: Repeating last play command: Selected Viewport
[2017.12.07-20.18.59:894][676]LogBlueprintUserMessages: Early PlayInEditor Detection: Level '/Game/TopDownBP/Maps/TopDownExampleMap.TopDownExampleMap:PersistentLevel' has LevelScriptBlueprint '/Game/TopDownBP/Maps/TopDownExampleMap.TopDownExampleMap:PersistentLevel.TopDownExampleMap' with GeneratedClass '/Game/TopDownBP/Maps/TopDownExampleMap.TopDownExampleMap_C' with ClassGeneratedBy '/Game/TopDownBP/Maps/TopDownExampleMap.TopDownExampleMap:PersistentLevel.TopDownExampleMap'
[2017.12.07-20.18.59:895][676]LogBlueprintUserMessages: Early PlayInEditor Detection: Level '/Game/TopDownBP/Maps/Minigame.Minigame:PersistentLevel' has LevelScriptBlueprint '/Game/TopDownBP/Maps/Minigame.Minigame:PersistentLevel.Minigame' with GeneratedClass '/Game/TopDownBP/Maps/Minigame.Minigame_C' with ClassGeneratedBy '/Game/TopDownBP/Maps/Minigame.Minigame:PersistentLevel.Minigame'
[2017.12.07-20.18.59:895][676]LogPlayLevel: PlayLevel: No blueprints needed recompiling
[2017.12.07-20.18.59:895][676]PIE: New page: PIE session: TopDownExampleMap (Dec 7, 2017, 10:18:59 AM)
[2017.12.07-20.18.59:895][676]LogPlayLevel: Creating play world package: /Game/TopDownBP/Maps/UEDPIE_0_TopDownExampleMap
[2017.12.07-20.18.59:966][676]LogPlayLevel: PIE: StaticDuplicateObject took: (0.070983s)
[2017.12.07-20.18.59:968][676]LogAIModule: Creating AISystem for world TopDownExampleMap
[2017.12.07-20.18.59:968][676]LogPlayLevel: PIE: World Init took: (0.001642s)
[2017.12.07-20.18.59:968][676]LogPlayLevel: PIE: Created PIE world by copying editor world from /Game/TopDownBP/Maps/TopDownExampleMap.TopDownExampleMap to /Game/TopDownBP/Maps/UEDPIE_0_TopDownExampleMap.TopDownExampleMap (0.073184s)
[2017.12.07-20.19.00:005][676]LogInit: XAudio2 using 'Speakers (Conexant SmartAudio HD)' : 2 channels at 48 kHz using 32 bits per sample (channel mask 0x3)
[2017.12.07-20.19.00:016][676]LogInit: FAudioDevice initialized.
[2017.12.07-20.19.00:057][676]LogLoad: Game class is 'TopDownGameMode_C'
[2017.12.07-20.19.00:065][676]LogWorld: Bringing World /Game/TopDownBP/Maps/UEDPIE_0_TopDownExampleMap.TopDownExampleMap up for play (max tick rate 0) at 2017.12.07-15.19.00
[2017.12.07-20.19.00:066][676]LogWorld: Bringing up level for play took: 0.008293
[2017.12.07-20.19.00:072][676]PIE: Play in editor start time for /Game/TopDownBP/Maps/UEDPIE_0_TopDownExampleMap 0.941
[2017.12.07-20.19.00:073][676]LogBlueprintUserMessages: Late PlayInEditor Detection: Level '/Game/TopDownBP/Maps/TopDownExampleMap.TopDownExampleMap:PersistentLevel' has LevelScriptBlueprint '/Game/TopDownBP/Maps/TopDownExampleMap.TopDownExampleMap:PersistentLevel.TopDownExampleMap' with GeneratedClass '/Game/TopDownBP/Maps/TopDownExampleMap.TopDownExampleMap_C' with ClassGeneratedBy '/Game/TopDownBP/Maps/TopDownExampleMap.TopDownExampleMap:PersistentLevel.TopDownExampleMap'
[2017.12.07-20.19.00:073][676]LogBlueprintUserMessages: Late PlayInEditor Detection: Level '/Game/TopDownBP/Maps/Minigame.Minigame:PersistentLevel' has LevelScriptBlueprint '/Game/TopDownBP/Maps/Minigame.Minigame:PersistentLevel.Minigame' with GeneratedClass '/Game/TopDownBP/Maps/Minigame.Minigame_C' with ClassGeneratedBy '/Game/TopDownBP/Maps/Minigame.Minigame:PersistentLevel.Minigame'
[2017.12.07-20.19.06:324][874]LogBlueprintUserMessages: Early EndPlayMap Detection: Level '/Game/TopDownBP/Maps/TopDownExampleMap.TopDownExampleMap:PersistentLevel' has LevelScriptBlueprint '/Game/TopDownBP/Maps/TopDownExampleMap.TopDownExampleMap:PersistentLevel.TopDownExampleMap' with GeneratedClass '/Game/TopDownBP/Maps/TopDownExampleMap.TopDownExampleMap_C' with ClassGeneratedBy '/Game/TopDownBP/Maps/TopDownExampleMap.TopDownExampleMap:PersistentLevel.TopDownExampleMap'
[2017.12.07-20.19.06:324][874]LogBlueprintUserMessages: Early EndPlayMap Detection: Level '/Game/TopDownBP/Maps/Minigame.Minigame:PersistentLevel' has LevelScriptBlueprint '/Game/TopDownBP/Maps/Minigame.Minigame:PersistentLevel.Minigame' with GeneratedClass '/Game/TopDownBP/Maps/Minigame.Minigame_C' with ClassGeneratedBy '/Game/TopDownBP/Maps/Minigame.Minigame:PersistentLevel.Minigame'
[2017.12.07-20.19.06:428][874]LogBlueprintUserMessages: Late EndPlayMap Detection: Level '/Game/TopDownBP/Maps/TopDownExampleMap.TopDownExampleMap:PersistentLevel' has LevelScriptBlueprint '/Game/TopDownBP/Maps/TopDownExampleMap.TopDownExampleMap:PersistentLevel.TopDownExampleMap' with GeneratedClass '/Game/TopDownBP/Maps/TopDownExampleMap.TopDownExampleMap_C' with ClassGeneratedBy '/Game/TopDownBP/Maps/TopDownExampleMap.TopDownExampleMap:PersistentLevel.TopDownExampleMap'
[2017.12.07-20.19.06:428][874]LogBlueprintUserMessages: Late EndPlayMap Detection: Level '/Game/TopDownBP/Maps/Minigame.Minigame:PersistentLevel' has LevelScriptBlueprint '/Game/TopDownBP/Maps/Minigame.Minigame:PersistentLevel.Minigame' with GeneratedClass '/Game/TopDownBP/Maps/Minigame.Minigame_C' with ClassGeneratedBy '/Game/TopDownBP/Maps/Minigame.Minigame:PersistentLevel.Minigame'
[2017.12.07-20.19.26:162][348]LogEditorViewport: Clicking on Actor (LMB): Laptop_Blueprint_C (Laptop_Blueprint)
[2017.12.07-20.19.30:496][448]LogEditorViewport: Clicking on Actor (LMB): PaperTileMapActor (FloorTile4)
[2017.12.07-20.19.32:425][483]LogEditorViewport: Clicking on Actor (LMB): PaperTileMapActor (FloorTile4)
[2017.12.07-20.19.39:646][628]LogRenderer: Reallocating scene render targets to support 1096x624 Format 10 NumSamples 1 (Frame:1887).
[2017.12.07-20.19.39:766][628]LogRenderer: Reallocating scene render targets to support 1116x624 Format 10 NumSamples 1 (Frame:1889).
[2017.12.07-20.19.39:903][631]LogRenderer: Reallocating scene render targets to support 1128x624 Format 10 NumSamples 1 (Frame:1891).
[2017.12.07-20.19.48:128][789]LogRenderer: Reallocating scene render targets to support 1136x636 Format 10 NumSamples 1 (Frame:2052).
[2017.12.07-20.28.19:152][818]LogSlate: Took 0.000374 seconds to synchronously load lazily loaded font '../../../Engine/Content/Slate/Fonts/Roboto-Light.ttf' (159K)
[2017.12.07-20.28.19:643][818]LogSavePackage: Save=410.49ms
[2017.12.07-20.28.19:643][818]LogSavePackage: Moving '../../../../../../Users/user/Documents/Unreal Projects/AnonU/Saved/TopDownExampleMap_Auto14C9D5A3A499C7B4F3A8E5298D36A88F8.tmp' to '../../../../../../Users/user/Documents/Unreal Projects/AnonU/Saved/Autosaves/Game/TopDownBP/Maps/TopDownExampleMap_Auto1.umap'
[2017.12.07-20.28.19:647][818]LogSavePackage: Display: Finished SavePackage ../../../../../../Users/user/Documents/Unreal Projects/AnonU/Saved/Autosaves/Game/TopDownBP/Maps/TopDownExampleMap_Auto1.umap
[2017.12.07-20.28.19:652][818]LogFileHelpers: Editor autosave (incl. sublevels) for '/Game/TopDownBP/Maps/TopDownExampleMap' took 0.474
[2017.12.07-20.28.19:652][818]LogFileHelpers: Editor autosave (incl. sublevels) for all levels took 0.474
[2017.12.07-20.31.19:166][418]LogTemp: Repeating last play command: Selected Viewport
[2017.12.07-20.31.19:204][418]LogBlueprintUserMessages: Early PlayInEditor Detection: Level '/Game/TopDownBP/Maps/TopDownExampleMap.TopDownExampleMap:PersistentLevel' has LevelScriptBlueprint '/Game/TopDownBP/Maps/TopDownExampleMap.TopDownExampleMap:PersistentLevel.TopDownExampleMap' with GeneratedClass '/Game/TopDownBP/Maps/TopDownExampleMap.TopDownExampleMap_C' with ClassGeneratedBy '/Game/TopDownBP/Maps/TopDownExampleMap.TopDownExampleMap:PersistentLevel.TopDownExampleMap'
[2017.12.07-20.31.19:204][418]LogBlueprintUserMessages: Early PlayInEditor Detection: Level '/Game/TopDownBP/Maps/Minigame.Minigame:PersistentLevel' has LevelScriptBlueprint '/Game/TopDownBP/Maps/Minigame.Minigame:PersistentLevel.Minigame' with GeneratedClass '/Game/TopDownBP/Maps/Minigame.Minigame_C' with ClassGeneratedBy '/Game/TopDownBP/Maps/Minigame.Minigame:PersistentLevel.Minigame'
[2017.12.07-20.31.19:204][418]LogPlayLevel: PlayLevel: No blueprints needed recompiling
[2017.12.07-20.31.19:204][418]PIE: New page: PIE session: TopDownExampleMap (Dec 7, 2017, 10:31:19 AM)
[2017.12.07-20.31.19:204][418]LogPlayLevel: Creating play world package: /Game/TopDownBP/Maps/UEDPIE_0_TopDownExampleMap
[2017.12.07-20.31.19:266][418]LogPlayLevel: PIE: StaticDuplicateObject took: (0.061500s)
[2017.12.07-20.31.19:267][418]LogAIModule: Creating AISystem for world TopDownExampleMap
[2017.12.07-20.31.19:267][418]LogPlayLevel: PIE: World Init took: (0.001140s)
[2017.12.07-20.31.19:267][418]LogPlayLevel: PIE: Created PIE world by copying editor world from /Game/TopDownBP/Maps/TopDownExampleMap.TopDownExampleMap to /Game/TopDownBP/Maps/UEDPIE_0_TopDownExampleMap.TopDownExampleMap (0.062965s)
[2017.12.07-20.31.19:289][418]LogInit: XAudio2 using 'Speakers (ClickShare)' : 1 channels at 22.05 kHz using 16 bits per sample (channel mask 0x0)
[2017.12.07-20.31.19:343][418]LogInit: FAudioDevice initialized.
[2017.12.07-20.31.19:374][418]LogLoad: Game class is 'TopDownGameMode_C'
[2017.12.07-20.31.19:379][418]LogWorld: Bringing World /Game/TopDownBP/Maps/UEDPIE_0_TopDownExampleMap.TopDownExampleMap up for play (max tick rate 60) at 2017.12.07-15.31.19
[2017.12.07-20.31.19:379][418]LogWorld: Bringing up level for play took: 0.004427
[2017.12.07-20.31.19:382][418]PIE: Play in editor start time for /Game/TopDownBP/Maps/UEDPIE_0_TopDownExampleMap 0.253
[2017.12.07-20.31.19:383][418]LogBlueprintUserMessages: Late PlayInEditor Detection: Level '/Game/TopDownBP/Maps/TopDownExampleMap.TopDownExampleMap:PersistentLevel' has LevelScriptBlueprint '/Game/TopDownBP/Maps/TopDownExampleMap.TopDownExampleMap:PersistentLevel.TopDownExampleMap' with GeneratedClass '/Game/TopDownBP/Maps/TopDownExampleMap.TopDownExampleMap_C' with ClassGeneratedBy '/Game/TopDownBP/Maps/TopDownExampleMap.TopDownExampleMap:PersistentLevel.TopDownExampleMap'
[2017.12.07-20.31.19:383][418]LogBlueprintUserMessages: Late PlayInEditor Detection: Level '/Game/TopDownBP/Maps/Minigame.Minigame:PersistentLevel' has LevelScriptBlueprint '/Game/TopDownBP/Maps/Minigame.Minigame:PersistentLevel.Minigame' with GeneratedClass '/Game/TopDownBP/Maps/Minigame.Minigame_C' with ClassGeneratedBy '/Game/TopDownBP/Maps/Minigame.Minigame:PersistentLevel.Minigame'
[2017.12.07-20.31.25:369][597]LogBlueprintUserMessages: Early EndPlayMap Detection: Level '/Game/TopDownBP/Maps/TopDownExampleMap.TopDownExampleMap:PersistentLevel' has LevelScriptBlueprint '/Game/TopDownBP/Maps/TopDownExampleMap.TopDownExampleMap:PersistentLevel.TopDownExampleMap' with GeneratedClass '/Game/TopDownBP/Maps/TopDownExampleMap.TopDownExampleMap_C' with ClassGeneratedBy '/Game/TopDownBP/Maps/TopDownExampleMap.TopDownExampleMap:PersistentLevel.TopDownExampleMap'
[2017.12.07-20.31.25:369][597]LogBlueprintUserMessages: Early EndPlayMap Detection: Level '/Game/TopDownBP/Maps/Minigame.Minigame:PersistentLevel' has LevelScriptBlueprint '/Game/TopDownBP/Maps/Minigame.Minigame:PersistentLevel.Minigame' with GeneratedClass '/Game/TopDownBP/Maps/Minigame.Minigame_C' with ClassGeneratedBy '/Game/TopDownBP/Maps/Minigame.Minigame:PersistentLevel.Minigame'
[2017.12.07-20.31.25:458][597]LogBlueprintUserMessages: Late EndPlayMap Detection: Level '/Game/TopDownBP/Maps/TopDownExampleMap.TopDownExampleMap:PersistentLevel' has LevelScriptBlueprint '/Game/TopDownBP/Maps/TopDownExampleMap.TopDownExampleMap:PersistentLevel.TopDownExampleMap' with GeneratedClass '/Game/TopDownBP/Maps/TopDownExampleMap.TopDownExampleMap_C' with ClassGeneratedBy '/Game/TopDownBP/Maps/TopDownExampleMap.TopDownExampleMap:PersistentLevel.TopDownExampleMap'
[2017.12.07-20.31.25:458][597]LogBlueprintUserMessages: Late EndPlayMap Detection: Level '/Game/TopDownBP/Maps/Minigame.Minigame:PersistentLevel' has LevelScriptBlueprint '/Game/TopDownBP/Maps/Minigame.Minigame:PersistentLevel.Minigame' with GeneratedClass '/Game/TopDownBP/Maps/Minigame.Minigame_C' with ClassGeneratedBy '/Game/TopDownBP/Maps/Minigame.Minigame:PersistentLevel.Minigame'
[2017.12.07-20.37.06:174][681]LogAudio: Warning: Current Audio Device with ID {0.0.0.00000000}.{a8e509a4-6f8e-4b31-8115-0bbbe442d69f} was removed. Shutting down audio device.
[2017.12.07-20.50.16:409][825]LogAudio: Warning: Current Audio Device with ID {0.0.0.00000000}.{a8e509a4-6f8e-4b31-8115-0bbbe442d69f} was removed. Shutting down audio device.
[2017.12.07-20.51.46:432][121]LogTemp: Repeating last play command: Selected Viewport
[2017.12.07-20.51.46:483][121]LogBlueprintUserMessages: Early PlayInEditor Detection: Level '/Game/TopDownBP/Maps/TopDownExampleMap.TopDownExampleMap:PersistentLevel' has LevelScriptBlueprint '/Game/TopDownBP/Maps/TopDownExampleMap.TopDownExampleMap:PersistentLevel.TopDownExampleMap' with GeneratedClass '/Game/TopDownBP/Maps/TopDownExampleMap.TopDownExampleMap_C' with ClassGeneratedBy '/Game/TopDownBP/Maps/TopDownExampleMap.TopDownExampleMap:PersistentLevel.TopDownExampleMap'
[2017.12.07-20.51.46:483][121]LogBlueprintUserMessages: Early PlayInEditor Detection: Level '/Game/TopDownBP/Maps/Minigame.Minigame:PersistentLevel' has LevelScriptBlueprint '/Game/TopDownBP/Maps/Minigame.Minigame:PersistentLevel.Minigame' with GeneratedClass '/Game/TopDownBP/Maps/Minigame.Minigame_C' with ClassGeneratedBy '/Game/TopDownBP/Maps/Minigame.Minigame:PersistentLevel.Minigame'
[2017.12.07-20.51.46:483][121]LogPlayLevel: PlayLevel: No blueprints needed recompiling
[2017.12.07-20.51.46:483][121]PIE: New page: PIE session: TopDownExampleMap (Dec 7, 2017, 10:51:46 AM)
[2017.12.07-20.51.46:484][121]LogPlayLevel: Creating play world package: /Game/TopDownBP/Maps/UEDPIE_0_TopDownExampleMap
[2017.12.07-20.51.46:561][121]LogPlayLevel: PIE: StaticDuplicateObject took: (0.077808s)
[2017.12.07-20.51.46:563][121]LogAIModule: Creating AISystem for world TopDownExampleMap
[2017.12.07-20.51.46:563][121]LogPlayLevel: PIE: World Init took: (0.001376s)
[2017.12.07-20.51.46:564][121]LogPlayLevel: PIE: Created PIE world by copying editor world from /Game/TopDownBP/Maps/TopDownExampleMap.TopDownExampleMap to /Game/TopDownBP/Maps/UEDPIE_0_TopDownExampleMap.TopDownExampleMap (0.079765s)
[2017.12.07-20.51.46:589][121]LogInit: XAudio2 using 'Speakers (ClickShare)' : 1 channels at 22.05 kHz using 16 bits per sample (channel mask 0x0)
[2017.12.07-20.51.46:629][121]LogInit: FAudioDevice initialized.
[2017.12.07-20.51.46:666][121]LogLoad: Game class is 'TopDownGameMode_C'
[2017.12.07-20.51.46:670][121]LogWorld: Bringing World /Game/TopDownBP/Maps/UEDPIE_0_TopDownExampleMap.TopDownExampleMap up for play (max tick rate 0) at 2017.12.07-15.51.46
[2017.12.07-20.51.46:671][121]LogWorld: Bringing up level for play took: 0.004789
[2017.12.07-20.51.46:675][121]PIE: Play in editor start time for /Game/TopDownBP/Maps/UEDPIE_0_TopDownExampleMap -0.449
[2017.12.07-20.51.46:675][121]LogBlueprintUserMessages: Late PlayInEditor Detection: Level '/Game/TopDownBP/Maps/TopDownExampleMap.TopDownExampleMap:PersistentLevel' has LevelScriptBlueprint '/Game/TopDownBP/Maps/TopDownExampleMap.TopDownExampleMap:PersistentLevel.TopDownExampleMap' with GeneratedClass '/Game/TopDownBP/Maps/TopDownExampleMap.TopDownExampleMap_C' with ClassGeneratedBy '/Game/TopDownBP/Maps/TopDownExampleMap.TopDownExampleMap:PersistentLevel.TopDownExampleMap'
[2017.12.07-20.51.46:676][121]LogBlueprintUserMessages: Late PlayInEditor Detection: Level '/Game/TopDownBP/Maps/Minigame.Minigame:PersistentLevel' has LevelScriptBlueprint '/Game/TopDownBP/Maps/Minigame.Minigame:PersistentLevel.Minigame' with GeneratedClass '/Game/TopDownBP/Maps/Minigame.Minigame_C' with ClassGeneratedBy '/Game/TopDownBP/Maps/Minigame.Minigame:PersistentLevel.Minigame'
[2017.12.07-20.52.25:670][201]LogScript: Warning: Accessed None trying to read property K2Node_DynamicCast_AsPaper_Guy2
	TopDownController_C /Game/TopDownBP/Maps/UEDPIE_0_TopDownExampleMap.TopDownExampleMap:PersistentLevel.TopDownController_C_0
	Function /Game/TopDownBP/Blueprints/TopDownController.TopDownController_C:ExecuteUbergraph_TopDownController:0017
[2017.12.07-20.52.25:670][201]PIE: Error: Blueprint Runtime Error: Accessed None trying to read property K2Node_DynamicCast_AsPaper_Guy2 from function: 'ExecuteUbergraph_TopDownController' from node: Change to Idle Flipbook in graph: EventGraph in object: TopDownController with description: Accessed None trying to read property K2Node_DynamicCast_AsPaper_Guy2
[2017.12.07-20.52.39:963][586]LogBlueprintUserMessages: [TopDownExampleMap_C_0] GIrl: find my cat and I will bring you the password
[2017.12.07-20.52.43:090][669]LogBlueprintUserMessages: [catSprites_Sprite_0_Blueprint] Cat: Meow
[2017.12.07-20.52.48:073][802]LogBlueprintUserMessages: [TopDownExampleMap_C_0] Girl: the password is 'admin' 
[2017.12.07-20.54.19:019][308]LogBlueprintUserMessages: Early EndPlayMap Detection: Level '/Game/TopDownBP/Maps/TopDownExampleMap.TopDownExampleMap:PersistentLevel' has LevelScriptBlueprint '/Game/TopDownBP/Maps/TopDownExampleMap.TopDownExampleMap:PersistentLevel.TopDownExampleMap' with GeneratedClass '/Game/TopDownBP/Maps/TopDownExampleMap.TopDownExampleMap_C' with ClassGeneratedBy '/Game/TopDownBP/Maps/TopDownExampleMap.TopDownExampleMap:PersistentLevel.TopDownExampleMap'
[2017.12.07-20.54.19:020][308]LogBlueprintUserMessages: Early EndPlayMap Detection: Level '/Game/TopDownBP/Maps/Minigame.Minigame:PersistentLevel' has LevelScriptBlueprint '/Game/TopDownBP/Maps/Minigame.Minigame:PersistentLevel.Minigame' with GeneratedClass '/Game/TopDownBP/Maps/Minigame.Minigame_C' with ClassGeneratedBy '/Game/TopDownBP/Maps/Minigame.Minigame:PersistentLevel.Minigame'
[2017.12.07-20.54.19:131][308]LogBlueprintUserMessages: Late EndPlayMap Detection: Level '/Game/TopDownBP/Maps/TopDownExampleMap.TopDownExampleMap:PersistentLevel' has LevelScriptBlueprint '/Game/TopDownBP/Maps/TopDownExampleMap.TopDownExampleMap:PersistentLevel.TopDownExampleMap' with GeneratedClass '/Game/TopDownBP/Maps/TopDownExampleMap.TopDownExampleMap_C' with ClassGeneratedBy '/Game/TopDownBP/Maps/TopDownExampleMap.TopDownExampleMap:PersistentLevel.TopDownExampleMap'
[2017.12.07-20.54.19:132][308]LogBlueprintUserMessages: Late EndPlayMap Detection: Level '/Game/TopDownBP/Maps/Minigame.Minigame:PersistentLevel' has LevelScriptBlueprint '/Game/TopDownBP/Maps/Minigame.Minigame:PersistentLevel.Minigame' with GeneratedClass '/Game/TopDownBP/Maps/Minigame.Minigame_C' with ClassGeneratedBy '/Game/TopDownBP/Maps/Minigame.Minigame:PersistentLevel.Minigame'
[2017.12.07-20.55.16:880][437]LogContentBrowser: Native class hierarchy updated for 'BlueprintGraph' in 0.0012 seconds. Added 113 classes and 0 folders.
[2017.12.07-20.55.17:646][437]LogSlate: Took 0.004781 seconds to synchronously load lazily loaded font '../../../Engine/Content/Editor/Slate/Fonts/Roboto-BoldCondensed.ttf' (158K)
[2017.12.07-20.55.17:858][438]LogSlate: Took 0.019561 seconds to synchronously load lazily loaded font '../../../Engine/Content/Editor/Slate/Fonts/Roboto-Italic.ttf' (157K)
[2017.12.07-20.56.18:850][514]LogAudio: Warning: Current Audio Device with ID {0.0.0.00000000}.{a8e509a4-6f8e-4b31-8115-0bbbe442d69f} was removed. Shutting down audio device.
[2017.12.07-20.56.44:327][526]LogD3D11RHI: Timed out while waiting for GPU to catch up. (500 ms)
[2017.12.07-20.57.01:761][579]LogSavePackage: Save=385.66ms
[2017.12.07-20.57.01:761][579]LogSavePackage: Moving '../../../../../../Users/user/Documents/Unreal Projects/AnonU/Saved/TopDownExampleMapF56A94FA43B5C245A7A1B4A5302D96CD.tmp' to '../../../../../../Users/user/Documents/Unreal Projects/AnonU/Content/TopDownBP/Maps/TopDownExampleMap.umap'
[2017.12.07-20.57.01:775][579]LogSavePackage: Display: Finished SavePackage ../../../../../../Users/user/Documents/Unreal Projects/AnonU/Content/TopDownBP/Maps/TopDownExampleMap.umap
[2017.12.07-20.57.01:825][579]LogFileHelpers: Saving map 'TopDownExampleMap' took 0.611
[2017.12.07-20.57.02:220][579]Cmd: QUIT_EDITOR
[2017.12.07-20.57.02:253][579]LogWindowsTextInputMethodSystem: Display: IME system now deactivated.
[2017.12.07-20.57.02:254][579]LogWindowsTextInputMethodSystem: Display: IME system now deactivated.
[2017.12.07-20.57.02:266][579]LogExit: Preparing to exit.
[2017.12.07-20.57.03:351][579]LogDirectoryWatcher: A directory notification failed for 'C:/Users/user/Documents/Unreal Projects/AnonU/Content/', and we were unable to create a new request.
[2017.12.07-20.57.03:414][579]LogExit: Editor shut down
[2017.12.07-20.57.03:422][579]LogExit: Transaction tracking system shut down
[2017.12.07-20.57.03:620][579]LogDirectoryWatcher: A directory notification for '../../../Engine/Content/' was aborted.
[2017.12.07-20.57.03:620][579]LogDirectoryWatcher: A directory notification for '../../../../../../Users/user/Documents/Unreal Projects/AnonU/Content/' was aborted.
[2017.12.07-20.57.03:620][579]LogDirectoryWatcher: A directory notification for '../../../Engine/Plugins/2D/Paper2D/Content/' was aborted.
[2017.12.07-20.57.03:621][579]LogDirectoryWatcher: A directory notification for '../../../Engine/Plugins/Runtime/Oculus/OculusVR/Content/' was aborted.
[2017.12.07-20.57.03:621][579]LogDirectoryWatcher: A directory notification for '../../../Engine/Plugins/Runtime/Steam/SteamVR/Content/' was aborted.
[2017.12.07-20.57.03:698][579]LogExit: Object subsystem successfully closed.
[2017.12.07-20.57.03:719][579]LogD3D11RHI: Shutdown
[2017.12.07-20.57.03:719][579]LogD3D11RHI: CleanupD3DDevice
[2017.12.07-20.57.03:890][579]LogD3D11RHI: ~FD3D11DynamicRHI
[2017.12.07-20.57.03:914][579]LogModuleManager: Shutting down and abandoning module BlueprintGraph (540)
[2017.12.07-20.57.03:914][579]LogModuleManager: Shutting down and abandoning module BlueprintProfiler (538)
[2017.12.07-20.57.03:914][579]LogModuleManager: Shutting down and abandoning module WebBrowser (536)
[2017.12.07-20.57.03:950][579]LogModuleManager: Shutting down and abandoning module MovieSceneCapture (534)
[2017.12.07-20.57.03:950][579]LogModuleManager: Shutting down and abandoning module HierarchicalLODOutliner (532)
[2017.12.07-20.57.03:950][579]LogModuleManager: Shutting down and abandoning module SceneOutliner (530)
[2017.12.07-20.57.03:950][579]LogModuleManager: Shutting down and abandoning module AddContentDialog (528)
[2017.12.07-20.57.03:950][579]LogDirectoryWatcher: A directory notification for 'C:/Program Files/Epic Games/UE_4.17/FeaturePacks/' was aborted.
[2017.12.07-20.57.03:951][579]LogModuleManager: Shutting down and abandoning module WidgetCarousel (527)
[2017.12.07-20.57.03:951][579]LogModuleManager: Shutting down and abandoning module EditorWidgets (524)
[2017.12.07-20.57.03:951][579]LogModuleManager: Shutting down and abandoning module CollectionManager (522)
[2017.12.07-20.57.03:951][579]LogDirectoryWatcher: A directory notification for 'C:/Users/user/Documents/Unreal Projects/AnonU/Content/Collections/' was aborted.
[2017.12.07-20.57.03:952][579]LogDirectoryWatcher: A directory notification for 'C:/Users/user/Documents/Unreal Projects/AnonU/Content/Developers/user/Collections/' was aborted.
[2017.12.07-20.57.03:952][579]LogDirectoryWatcher: A directory notification for 'C:/Users/user/Documents/Unreal Projects/AnonU/Saved/Collections/' was aborted.
[2017.12.07-20.57.03:952][579]LogModuleManager: Shutting down and abandoning module StatsViewer (520)
[2017.12.07-20.57.03:952][579]LogModuleManager: Shutting down and abandoning module FoliageEdit (518)
[2017.12.07-20.57.03:952][579]LogModuleManager: Shutting down and abandoning module LandscapeEditor (516)
[2017.12.07-20.57.03:952][579]LogModuleManager: Shutting down and abandoning module MeshPaintMode (514)
[2017.12.07-20.57.03:952][579]LogModuleManager: Shutting down and abandoning module SceneDepthPickerMode (512)
[2017.12.07-20.57.03:952][579]LogModuleManager: Shutting down and abandoning module ActorPickerMode (510)
[2017.12.07-20.57.03:952][579]LogModuleManager: Shutting down and abandoning module GeometryMode (508)
[2017.12.07-20.57.03:952][579]LogModuleManager: Shutting down and abandoning module TextureAlignMode (506)
[2017.12.07-20.57.03:952][579]LogModuleManager: Shutting down and abandoning module BspMode (504)
[2017.12.07-20.57.03:952][579]LogModuleManager: Shutting down and abandoning module PIEPreviewDeviceProfileSelector (502)
[2017.12.07-20.57.03:952][579]LogModuleManager: Shutting down and abandoning module HardwareSurvey (500)
[2017.12.07-20.57.03:952][579]LogModuleManager: Shutting down and abandoning module SequenceRecorderSections (498)
[2017.12.07-20.57.03:952][579]LogModuleManager: Shutting down and abandoning module AutomationWorker (496)
[2017.12.07-20.57.03:952][579]LogModuleManager: Shutting down and abandoning module MatineeToLevelSequence (494)
[2017.12.07-20.57.03:952][579]LogModuleManager: Shutting down and abandoning module LevelSequenceEditor (492)
[2017.12.07-20.57.03:952][579]LogModuleManager: Shutting down and abandoning module PlacementMode (491)
[2017.12.07-20.57.03:952][579]LogModuleManager: Shutting down and abandoning module WmfMediaFactory (488)
[2017.12.07-20.57.03:952][579]LogModuleManager: Shutting down and abandoning module WmfMediaEditor (486)
[2017.12.07-20.57.03:952][579]LogModuleManager: Shutting down and abandoning module AvfMediaFactory (484)
[2017.12.07-20.57.03:952][579]LogModuleManager: Shutting down and abandoning module AvfMediaEditor (482)
[2017.12.07-20.57.03:952][579]LogModuleManager: Shutting down and abandoning module AndroidMediaFactory (480)
[2017.12.07-20.57.03:952][579]LogModuleManager: Shutting down and abandoning module Media (479)
[2017.12.07-20.57.03:952][579]LogModuleManager: Shutting down and abandoning module AndroidMediaEditor (476)
[2017.12.07-20.57.03:952][579]LogModuleManager: Shutting down and abandoning module CharacterAI (474)
[2017.12.07-20.57.03:952][579]LogModuleManager: Shutting down and abandoning module AudioCapture (472)
[2017.12.07-20.57.03:952][579]LogModuleManager: Shutting down and abandoning module SequenceRecorder (471)
[2017.12.07-20.57.03:952][579]LogModuleManager: Shutting down and abandoning module SmartSnapping (468)
[2017.12.07-20.57.03:952][579]LogModuleManager: Shutting down and abandoning module SessionServices (466)
[2017.12.07-20.57.03:952][579]LogModuleManager: Shutting down and abandoning module ViewportSnapping (464)
[2017.12.07-20.57.03:952][579]LogModuleManager: Shutting down and abandoning module ViewportInteraction (462)
[2017.12.07-20.57.03:952][579]LogModuleManager: Shutting down and abandoning module ClothPainter (460)
[2017.12.07-20.57.03:952][579]LogModuleManager: Shutting down and abandoning module LogVisualizer (458)
[2017.12.07-20.57.03:953][579]LogModuleManager: Shutting down and abandoning module IntroTutorials (456)
[2017.12.07-20.57.03:953][579]LogModuleManager: Shutting down and abandoning module GameProjectGeneration (455)
[2017.12.07-20.57.03:953][579]LogModuleManager: Shutting down and abandoning module IOSPlatformEditor (452)
[2017.12.07-20.57.03:953][579]LogModuleManager: Shutting down and abandoning module HTML5PlatformEditor (450)
[2017.12.07-20.57.03:953][579]LogModuleManager: Shutting down and abandoning module AndroidPlatformEditor (448)
[2017.12.07-20.57.03:953][579]LogModuleManager: Shutting down and abandoning module AndroidDeviceDetection (447)
[2017.12.07-20.57.04:552][579]LogModuleManager: Shutting down and abandoning module WindowsPlatformEditor (444)
[2017.12.07-20.57.04:552][579]LogModuleManager: Shutting down and abandoning module IOSRuntimeSettings (442)
[2017.12.07-20.57.04:552][579]LogModuleManager: Shutting down and abandoning module AndroidRuntimeSettings (440)
[2017.12.07-20.57.04:552][579]LogModuleManager: Shutting down and abandoning module InputBindingEditor (438)
[2017.12.07-20.57.04:552][579]LogModuleManager: Shutting down and abandoning module MergeActors (436)
[2017.12.07-20.57.04:552][579]LogModuleManager: Shutting down and abandoning module SizeMap (434)
[2017.12.07-20.57.04:552][579]LogModuleManager: Shutting down and abandoning module TreeMap (432)
[2017.12.07-20.57.04:553][579]LogModuleManager: Shutting down and abandoning module ReferenceViewer (430)
[2017.12.07-20.57.04:553][579]LogModuleManager: Shutting down and abandoning module LocalizationDashboard (428)
[2017.12.07-20.57.04:553][579]LogModuleManager: Shutting down and abandoning module LocalizationService (427)
[2017.12.07-20.57.04:553][579]LogModuleManager: Shutting down and abandoning module HardwareTargeting (424)
[2017.12.07-20.57.04:553][579]LogModuleManager: Shutting down and abandoning module DeviceProfileEditor (422)
[2017.12.07-20.57.04:553][579]LogModuleManager: Shutting down and abandoning module UndoHistory (420)
[2017.12.07-20.57.04:553][579]LogModuleManager: Shutting down and abandoning module XmlParser (418)
[2017.12.07-20.57.04:553][579]LogModuleManager: Shutting down and abandoning module Blutility (416)
[2017.12.07-20.57.04:553][579]LogModuleManager: Shutting down and abandoning module ProjectSettingsViewer (414)
[2017.12.07-20.57.04:553][579]LogModuleManager: Shutting down and abandoning module ProjectTargetPlatformEditor (413)
[2017.12.07-20.57.04:553][579]LogModuleManager: Shutting down and abandoning module EditorSettingsViewer (410)
[2017.12.07-20.57.04:553][579]LogModuleManager: Shutting down and abandoning module SettingsEditor (408)
[2017.12.07-20.57.04:553][579]LogModuleManager: Shutting down and abandoning module ProjectLauncher (406)
[2017.12.07-20.57.04:553][579]LogModuleManager: Shutting down and abandoning module SessionFrontend (404)
[2017.12.07-20.57.04:553][579]LogModuleManager: Shutting down and abandoning module ProfilerClient (402)
[2017.12.07-20.57.04:553][579]LogModuleManager: Shutting down and abandoning module DeviceManager (400)
[2017.12.07-20.57.04:553][579]LogModuleManager: Shutting down and abandoning module TargetDeviceServices (399)
[2017.12.07-20.57.04:607][579]LogModuleManager: Shutting down and abandoning module AutomationController (396)
[2017.12.07-20.57.04:607][579]LogModuleManager: Shutting down and abandoning module AutomationWindow (394)
[2017.12.07-20.57.04:607][579]LogModuleManager: Shutting down and abandoning module Layers (392)
[2017.12.07-20.57.04:607][579]LogModuleManager: Shutting down and abandoning module ComponentVisualizers (390)
[2017.12.07-20.57.04:607][579]LogModuleManager: Shutting down and abandoning module DetailCustomizations (388)
[2017.12.07-20.57.04:607][579]LogModuleManager: Shutting down and abandoning module PackagesDialog (386)
[2017.12.07-20.57.04:607][579]LogModuleManager: Shutting down and abandoning module Persona (384)
[2017.12.07-20.57.04:607][579]LogModuleManager: Shutting down and abandoning module AdvancedPreviewScene (383)
[2017.12.07-20.57.04:607][579]LogModuleManager: Shutting down and abandoning module AnimGraph (381)
[2017.12.07-20.57.04:607][579]LogModuleManager: Shutting down and abandoning module Kismet (378)
[2017.12.07-20.57.04:614][579]LogModuleManager: Shutting down and abandoning module ClassViewer (376)
[2017.12.07-20.57.04:614][579]LogModuleManager: Shutting down and abandoning module Toolbox (374)
[2017.12.07-20.57.04:614][579]LogModuleManager: Shutting down and abandoning module ModuleUI (372)
[2017.12.07-20.57.04:614][579]LogModuleManager: Shutting down and abandoning module MovieSceneTools (370)
[2017.12.07-20.57.04:614][579]LogModuleManager: Shutting down and abandoning module OutputLog (368)
[2017.12.07-20.57.04:614][579]LogModuleManager: Shutting down and abandoning module GammaUI (366)
[2017.12.07-20.57.04:614][579]LogModuleManager: Shutting down and abandoning module Documentation (364)
[2017.12.07-20.57.04:614][579]LogModuleManager: Shutting down and abandoning module MovieSceneTracks (362)
[2017.12.07-20.57.04:614][579]LogModuleManager: Shutting down and abandoning module MovieScene (360)
[2017.12.07-20.57.04:614][579]LogModuleManager: Shutting down and abandoning module Niagara (358)
[2017.12.07-20.57.04:614][579]LogModuleManager: Shutting down and abandoning module NiagaraEditor (357)
[2017.12.07-20.57.04:614][579]LogModuleManager: Shutting down and abandoning module StreamingPauseRendering (354)
[2017.12.07-20.57.04:614][579]LogModuleManager: Shutting down and abandoning module LauncherPlatform (352)
[2017.12.07-20.57.04:614][579]LogModuleManager: Shutting down and abandoning module AnalyticsET (350)
[2017.12.07-20.57.04:614][579]LogModuleManager: Shutting down and abandoning module PortalServices (348)
[2017.12.07-20.57.04:614][579]LogModuleManager: Shutting down and abandoning module PortalRpc (346)
[2017.12.07-20.57.04:614][579]LogModuleManager: Shutting down and abandoning module MessagingRpc (344)
[2017.12.07-20.57.04:614][579]LogModuleManager: Shutting down and abandoning module AIModule (342)
[2017.12.07-20.57.04:614][579]LogModuleManager: Shutting down and abandoning module GameplayDebugger (341)
[2017.12.07-20.57.04:614][579]LogModuleManager: Shutting down and abandoning module AITestSuite (339)
[2017.12.07-20.57.04:614][579]LogModuleManager: Shutting down and abandoning module ProfilerService (336)
[2017.12.07-20.57.04:629][579]LogModuleManager: Shutting down and abandoning module TaskGraph (334)
[2017.12.07-20.57.04:629][579]LogModuleManager: Shutting down and abandoning module SteamVRController (332)
[2017.12.07-20.57.04:629][579]LogModuleManager: Shutting down and abandoning module ProceduralMeshComponentEditor (330)
[2017.12.07-20.57.04:629][579]LogModuleManager: Shutting down and abandoning module ProceduralMeshComponent (328)
[2017.12.07-20.57.04:629][579]LogModuleManager: Shutting down and abandoning module OculusInput (326)
[2017.12.07-20.57.04:629][579]LogModuleManager: Shutting down and abandoning module MobilePatchingUtils (324)
[2017.12.07-20.57.04:629][579]LogModuleManager: Shutting down and abandoning module CustomMeshComponent (322)
[2017.12.07-20.57.04:629][579]LogModuleManager: Shutting down and abandoning module CableComponent (320)
[2017.12.07-20.57.04:629][579]LogModuleManager: Shutting down and abandoning module ArchVisCharacter (318)
[2017.12.07-20.57.04:629][579]LogModuleManager: Shutting down and abandoning module AndroidPermission (316)
[2017.12.07-20.57.04:629][579]LogModuleManager: Shutting down and abandoning module MediaPlayerEditor (312)
[2017.12.07-20.57.04:629][579]LogModuleManager: Shutting down and abandoning module HTML5Networking (310)
[2017.12.07-20.57.04:629][579]LogModuleManager: Shutting down and abandoning module AlembicImporter (308)
[2017.12.07-20.57.04:629][579]LogModuleManager: Shutting down and abandoning module AlembicLibrary (307)
[2017.12.07-20.57.04:629][579]LogModuleManager: Shutting down and abandoning module GeometryCache (306)
[2017.12.07-20.57.04:629][579]LogModuleManager: Shutting down and abandoning module GeometryCacheEd (305)
[2017.12.07-20.57.04:630][579]LogModuleManager: Shutting down and abandoning module SpeedTreeImporter (300)
[2017.12.07-20.57.04:630][579]LogModuleManager: Shutting down and abandoning module PluginBrowser (298)
[2017.12.07-20.57.04:630][579]LogModuleManager: Shutting down and abandoning module MobileLauncherProfileWizard (296)
[2017.12.07-20.57.04:630][579]LogModuleManager: Shutting down and abandoning module VisualStudioSourceCodeAccess (294)
[2017.12.07-20.57.04:630][579]LogModuleManager: Shutting down and abandoning module DesktopPlatform (293)
[2017.12.07-20.57.04:630][579]LogModuleManager: Shutting down and abandoning module UObjectPlugin (290)
[2017.12.07-20.57.04:630][579]LogModuleManager: Shutting down and abandoning module SubversionSourceControl (288)
[2017.12.07-20.57.04:630][579]LogModuleManager: Shutting down and abandoning module PerforceSourceControl (286)
[2017.12.07-20.57.04:630][579]LogModuleManager: Shutting down and abandoning module GitSourceControl (284)
[2017.12.07-20.57.04:630][579]LogModuleManager: Shutting down and abandoning module SourceControl (283)
[2017.12.07-20.57.04:630][579]LogModuleManager: Shutting down and abandoning module LightPropagationVolumeEditor (280)
[2017.12.07-20.57.04:630][579]LogModuleManager: Shutting down and abandoning module PaperTiledImporter (278)
[2017.12.07-20.57.04:630][579]LogModuleManager: Shutting down and abandoning module PaperSpriteSheetImporter (276)
[2017.12.07-20.57.04:630][579]LogModuleManager: Shutting down and abandoning module Paper2DEditor (274)
[2017.12.07-20.57.04:630][579]LogModuleManager: Shutting down and abandoning module MeshPaint (273)
[2017.12.07-20.57.04:630][579]LogModuleManager: Shutting down and abandoning module LevelEditor (271)
[2017.12.07-20.57.04:631][579]LogModuleManager: Shutting down and abandoning module PixelInspectorModule (270)
[2017.12.07-20.57.04:631][579]LogModuleManager: Shutting down and abandoning module MainFrame (268)
[2017.12.07-20.57.04:631][579]LogModuleManager: Shutting down and abandoning module HotReload (267)
[2017.12.07-20.57.04:631][579]LogModuleManager: Shutting down and abandoning module WebBrowserWidget (262)
[2017.12.07-20.57.04:631][579]LogModuleManager: Shutting down and abandoning module RuntimePhysXCooking (260)
[2017.12.07-20.57.04:631][579]LogModuleManager: Shutting down and abandoning module PhysXVehiclesEditor (258)
[2017.12.07-20.57.04:631][579]LogModuleManager: Shutting down and abandoning module PhysXVehicles (256)
[2017.12.07-20.57.04:632][579]LogModuleManager: Shutting down and abandoning module OculusEditor (254)
[2017.12.07-20.57.04:632][579]LogModuleManager: Shutting down and abandoning module LocationServicesBPLibrary (252)
[2017.12.07-20.57.04:632][579]LogModuleManager: Shutting down and abandoning module ImmediatePhysicsEditor (250)
[2017.12.07-20.57.04:632][579]LogModuleManager: Shutting down and abandoning module ImmediatePhysics (248)
[2017.12.07-20.57.04:632][579]LogModuleManager: Shutting down and abandoning module UdpMessaging (246)
[2017.12.07-20.57.04:733][579]LogModuleManager: Shutting down and abandoning module TcpMessaging (244)
[2017.12.07-20.57.04:834][579]LogModuleManager: Shutting down and abandoning module GameplayTagsEditor (242)
[2017.12.07-20.57.04:834][579]LogModuleManager: Shutting down and abandoning module FacialAnimationEditor (240)
[2017.12.07-20.57.04:834][579]LogModuleManager: Shutting down and abandoning module FacialAnimation (238)
[2017.12.07-20.57.04:834][579]LogModuleManager: Shutting down and abandoning module AssetManagerEditor (236)
[2017.12.07-20.57.04:834][579]LogModuleManager: Shutting down and abandoning module GraphEditor (235)
[2017.12.07-20.57.04:834][579]LogModuleManager: Shutting down and abandoning module ContentBrowser (233)
[2017.12.07-20.57.04:835][579]LogModuleManager: Shutting down and abandoning module LightPropagationVolumeRuntime (230)
[2017.12.07-20.57.04:835][579]LogModuleManager: Shutting down and abandoning module Paper2D (228)
[2017.12.07-20.57.04:835][579]LogModuleManager: Shutting down and abandoning module WindowsMoviePlayer (226)
[2017.12.07-20.57.04:835][579]LogModuleManager: Shutting down and abandoning module WmfMedia (224)
[2017.12.07-20.57.04:835][579]LogModuleManager: Shutting down and abandoning module PacketHandler (222)
[2017.12.07-20.57.04:835][579]LogModuleManager: Shutting down and abandoning module ClothingSystemEditor (220)
[2017.12.07-20.57.04:835][579]LogModuleManager: Shutting down and abandoning module ClothingSystemRuntime (218)
[2017.12.07-20.57.04:835][579]LogModuleManager: Shutting down and abandoning module Overlay (216)
[2017.12.07-20.57.04:835][579]LogModuleManager: Shutting down and abandoning module OverlayEditor (215)
[2017.12.07-20.57.04:835][579]LogModuleManager: Shutting down and abandoning module MediaAssets (212)
[2017.12.07-20.57.04:835][579]LogModuleManager: Shutting down and abandoning module VREditor (210)
[2017.12.07-20.57.04:835][579]LogModuleManager: Shutting down and abandoning module StringTableEditor (208)
[2017.12.07-20.57.04:835][579]LogModuleManager: Shutting down and abandoning module GameplayTasksEditor (206)
[2017.12.07-20.57.04:835][579]LogModuleManager: Shutting down and abandoning module BehaviorTreeEditor (204)
[2017.12.07-20.57.04:835][579]LogModuleManager: Shutting down and abandoning module FunctionalTesting (202)
[2017.12.07-20.57.04:835][579]LogModuleManager: Shutting down and abandoning module CollisionAnalyzer (200)
[2017.12.07-20.57.04:835][579]LogModuleManager: Shutting down and abandoning module WorkspaceMenuStructure (199)
[2017.12.07-20.57.04:835][579]LogModuleManager: Shutting down and abandoning module UMG (196)
[2017.12.07-20.57.04:835][579]LogModuleManager: Shutting down and abandoning module UMGEditor (195)
[2017.12.07-20.57.04:835][579]LogModuleManager: Shutting down and abandoning module Sequencer (194)
[2017.12.07-20.57.04:835][579]LogModuleManager: Shutting down and abandoning module MessageLog (191)
[2017.12.07-20.57.04:835][579]LogModuleManager: Shutting down and abandoning module SlateReflector (186)
[2017.12.07-20.57.04:835][579]LogModuleManager: Shutting down and abandoning module Slate (184)
[2017.12.07-20.57.04:835][579]LogModuleManager: Shutting down and abandoning module EditorStyle (182)
[2017.12.07-20.57.04:838][579]LogModuleManager: Shutting down and abandoning module MRMesh (180)
[2017.12.07-20.57.04:838][579]LogModuleManager: Shutting down and abandoning module SourceCodeAccess (178)
[2017.12.07-20.57.04:838][579]LogModuleManager: Shutting down and abandoning module HeadMountedDisplay (176)
[2017.12.07-20.57.04:838][579]LogModuleManager: Shutting down and abandoning module XAudio2 (174)
[2017.12.07-20.57.04:838][579]LogModuleManager: Shutting down and abandoning module Networking (172)
[2017.12.07-20.57.04:838][579]LogModuleManager: Shutting down and abandoning module Core (168)
[2017.12.07-20.57.04:838][579]LogModuleManager: Shutting down and abandoning module KismetCompiler (164)
[2017.12.07-20.57.04:838][579]LogModuleManager: Shutting down and abandoning module LevelSequence (162)
[2017.12.07-20.57.04:838][579]LogModuleManager: Shutting down and abandoning module MeshUtilities (160)
[2017.12.07-20.57.04:838][579]LogModuleManager: Shutting down and abandoning module MeshMergeUtilities (159)
[2017.12.07-20.57.04:838][579]LogModuleManager: Shutting down and abandoning module MeshReductionInterface (158)
[2017.12.07-20.57.04:838][579]LogModuleManager: Shutting down and abandoning module SimplygonSwarm (157)
[2017.12.07-20.57.04:838][579]LogModuleManager: Shutting down and abandoning module SimplygonMeshReduction (155)
[2017.12.07-20.57.04:838][579]LogModuleManager: Shutting down and abandoning module QuadricMeshReduction (153)
[2017.12.07-20.57.04:838][579]LogModuleManager: Shutting down and abandoning module MaterialBaking (149)
[2017.12.07-20.57.04:838][579]LogModuleManager: Shutting down and abandoning module DirectoryWatcher (146)
[2017.12.07-20.57.04:839][579]LogModuleManager: Shutting down and abandoning module DerivedDataCache (144)
[2017.12.07-20.57.04:894][579]LogDerivedDataCache: Shutdown
[2017.12.07-20.57.04:894][579]LogModuleManager: Shutting down and abandoning module TargetPlatform (142)
[2017.12.07-20.57.04:894][579]LogModuleManager: Shutting down and abandoning module VulkanShaderFormat (141)
[2017.12.07-20.57.04:894][579]LogModuleManager: Shutting down and abandoning module ShaderFormatVectorVM (139)
[2017.12.07-20.57.04:894][579]LogModuleManager: Shutting down and abandoning module ShaderFormatOpenGL (137)
[2017.12.07-20.57.04:894][579]LogModuleManager: Shutting down and abandoning module ShaderFormatD3D (135)
[2017.12.07-20.57.04:894][579]LogModuleManager: Shutting down and abandoning module MetalShaderFormat (133)
[2017.12.07-20.57.04:894][579]LogModuleManager: Shutting down and abandoning module TextureFormatUncompressed (131)
[2017.12.07-20.57.04:894][579]LogModuleManager: Shutting down and abandoning module TextureFormatPVR (129)
[2017.12.07-20.57.04:894][579]LogModuleManager: Shutting down and abandoning module TextureFormatDXT (127)
[2017.12.07-20.57.04:894][579]LogModuleManager: Shutting down and abandoning module TextureFormatIntelISPCTexComp (125)
[2017.12.07-20.57.04:894][579]LogModuleManager: Shutting down and abandoning module TextureFormatASTC (123)
[2017.12.07-20.57.04:895][579]LogModuleManager: Shutting down and abandoning module ImageWrapper (122)
[2017.12.07-20.57.04:895][579]LogModuleManager: Shutting down and abandoning module TextureFormatAndroid (119)
[2017.12.07-20.57.04:895][579]LogModuleManager: Shutting down and abandoning module AudioFormatOpus (117)
[2017.12.07-20.57.04:895][579]LogModuleManager: Shutting down and abandoning module AudioFormatOgg (115)
[2017.12.07-20.57.04:895][579]LogModuleManager: Shutting down and abandoning module AudioFormatADPCM (113)
[2017.12.07-20.57.04:895][579]LogModuleManager: Shutting down and abandoning module LinuxTargetPlatform (111)
[2017.12.07-20.57.04:895][579]LogModuleManager: Shutting down and abandoning module LinuxServerTargetPlatform (109)
[2017.12.07-20.57.04:895][579]LogModuleManager: Shutting down and abandoning module LinuxNoEditorTargetPlatform (107)
[2017.12.07-20.57.04:895][579]LogModuleManager: Shutting down and abandoning module LinuxClientTargetPlatform (105)
[2017.12.07-20.57.04:895][579]LogModuleManager: Shutting down and abandoning module TVOSTargetPlatform (103)
[2017.12.07-20.57.04:895][579]LogModuleManager: Shutting down and abandoning module Messaging (101)
[2017.12.07-20.57.04:895][579]LogModuleManager: Shutting down and abandoning module IOSTargetPlatform (99)
[2017.12.07-20.57.04:895][579]LogModuleManager: Shutting down and abandoning module HTML5TargetPlatform (97)
[2017.12.07-20.57.04:895][579]LogModuleManager: Shutting down and abandoning module Android_PVRTCTargetPlatform (95)
[2017.12.07-20.57.04:895][579]LogModuleManager: Shutting down and abandoning module Android_MultiTargetPlatform (93)
[2017.12.07-20.57.04:895][579]LogModuleManager: Shutting down and abandoning module Android_ETC2TargetPlatform (91)
[2017.12.07-20.57.04:895][579]LogModuleManager: Shutting down and abandoning module Android_ETC1TargetPlatform (89)
[2017.12.07-20.57.04:895][579]LogModuleManager: Shutting down and abandoning module Android_DXTTargetPlatform (87)
[2017.12.07-20.57.04:895][579]LogModuleManager: Shutting down and abandoning module Android_ATCTargetPlatform (85)
[2017.12.07-20.57.04:895][579]LogModuleManager: Shutting down and abandoning module Android_ASTCTargetPlatform (83)
[2017.12.07-20.57.04:895][579]LogModuleManager: Shutting down and abandoning module AndroidTargetPlatform (81)
[2017.12.07-20.57.04:895][579]LogModuleManager: Shutting down and abandoning module WindowsTargetPlatform (79)
[2017.12.07-20.57.04:895][579]LogModuleManager: Shutting down and abandoning module WindowsServerTargetPlatform (77)
[2017.12.07-20.57.04:895][579]LogModuleManager: Shutting down and abandoning module WindowsNoEditorTargetPlatform (75)
[2017.12.07-20.57.04:895][579]LogModuleManager: Shutting down and abandoning module WindowsClientTargetPlatform (73)
[2017.12.07-20.57.04:895][579]LogModuleManager: Shutting down and abandoning module MacTargetPlatform (71)
[2017.12.07-20.57.04:895][579]LogModuleManager: Shutting down and abandoning module MacServerTargetPlatform (69)
[2017.12.07-20.57.04:895][579]LogModuleManager: Shutting down and abandoning module MacNoEditorTargetPlatform (67)
[2017.12.07-20.57.04:895][579]LogModuleManager: Shutting down and abandoning module MacClientTargetPlatform (65)
[2017.12.07-20.57.04:895][579]LogModuleManager: Shutting down and abandoning module AllDesktopTargetPlatform (63)
[2017.12.07-20.57.04:895][579]LogModuleManager: Shutting down and abandoning module InputCore (60)
[2017.12.07-20.57.04:895][579]LogModuleManager: Shutting down and abandoning module Settings (58)
[2017.12.07-20.57.04:895][579]LogModuleManager: Shutting down and abandoning module PhysXCooking (56)
[2017.12.07-20.57.04:895][579]LogModuleManager: Shutting down and abandoning module SteamVR (54)
[2017.12.07-20.57.04:895][579]LogModuleManager: Shutting down and abandoning module OculusHMD (52)
[2017.12.07-20.57.04:895][579]LogModuleManager: Shutting down and abandoning module ExampleDeviceProfileSelector (50)
[2017.12.07-20.57.04:895][579]LogModuleManager: Shutting down and abandoning module OnlineBlueprintSupport (48)
[2017.12.07-20.57.04:895][579]LogModuleManager: Shutting down and abandoning module OnlineSubsystem (44)
[2017.12.07-20.57.04:895][579]LogOnline: Display: Unloading online subsystem: NULL
[2017.12.07-20.57.04:895][579]LogModuleManager: Shutting down and abandoning module XMPP (43)
[2017.12.07-20.57.04:895][579]LogModuleManager: Shutting down and abandoning module HTTP (41)
[2017.12.07-20.57.04:895][579]LogHttp: Display: Http module shutting down, but needs to wait on 1 outstanding Http requests:
[2017.12.07-20.57.04:895][579]LogHttp: Display: 	verb=[POST] url=[https://datarouter.ol.epicgames.com/datarouter/api/v1/public/data?SessionID=%7B2610ECE8-4397-0A39-0500-4281D984154F%7D&AppID=UEEditor.Rocket.Release&AppVersion=4.17.2-3658906%2B%2B%2BUE4%2BRelease-4.17&UserID=41a143184e9be66d9302f488723665ea%7C2bfb41104bad46e3825f2c716324dbf2%7C0e256bf2-6630-4e87-a7b2-5d618d98ab5c&AppEnvironment=datacollector-binary&UploadType=eteventstream] status=Processing
[2017.12.07-20.57.04:926][579]LogModuleManager: Shutting down and abandoning module SSL (40)
[2017.12.07-20.57.04:927][579]LogModuleManager: Shutting down and abandoning module AnimationModifiers (36)
[2017.12.07-20.57.04:927][579]LogModuleManager: Shutting down and abandoning module PropertyEditor (35)
[2017.12.07-20.57.04:927][579]LogModuleManager: Shutting down and abandoning module AudioEditor (32)
[2017.12.07-20.57.04:927][579]LogModuleManager: Shutting down and abandoning module TextureCompressor (30)
[2017.12.07-20.57.04:927][579]LogModuleManager: Shutting down and abandoning module ShaderCore (28)
[2017.12.07-20.57.04:927][579]LogModuleManager: Shutting down and abandoning module Landscape (26)
[2017.12.07-20.57.04:928][579]LogModuleManager: Shutting down and abandoning module SlateRHIRenderer (24)
[2017.12.07-20.57.04:928][579]LogModuleManager: Shutting down and abandoning module OpenGLDrv (22)
[2017.12.07-20.57.04:928][579]LogModuleManager: Shutting down and abandoning module D3D11RHI (20)
[2017.12.07-20.57.04:928][579]LogModuleManager: Shutting down and abandoning module AnimGraphRuntime (18)
[2017.12.07-20.57.04:928][579]LogModuleManager: Shutting down and abandoning module Renderer (16)
[2017.12.07-20.57.04:928][579]LogModuleManager: Shutting down and abandoning module Engine (14)
[2017.12.07-20.57.04:928][579]LogModuleManager: Shutting down and abandoning module CoreUObject (12)
[2017.12.07-20.57.04:928][579]LogModuleManager: Shutting down and abandoning module NetworkFile (10)
[2017.12.07-20.57.04:928][579]LogModuleManager: Shutting down and abandoning module CookedIterativeFile (8)
[2017.12.07-20.57.04:928][579]LogModuleManager: Shutting down and abandoning module StreamingFile (6)
[2017.12.07-20.57.04:929][579]LogModuleManager: Shutting down and abandoning module SandboxFile (4)
[2017.12.07-20.57.04:929][579]LogModuleManager: Shutting down and abandoning module PakFile (2)
[2017.12.07-20.57.04:930][579]LogExit: Exiting.
[2017.12.07-20.57.04:951][579]Log file closed, 12/07/17 15:57:04
