Log file open, 11/06/17 18:39:59
LogWindows: Failed to load 'aqProf.dll' (GetLastError=126)
LogWindows: File 'aqProf.dll' does not exist
LogWindows: Failed to load 'VSPerf140.dll' (GetLastError=126)
LogWindows: File 'VSPerf140.dll' does not exist
LogWindows: Failed to load 'VtuneApi.dll' (GetLastError=126)
LogWindows: File 'VtuneApi.dll' does not exist
LogWindows: Failed to load 'VtuneApi32e.dll' (GetLastError=126)
LogWindows: File 'VtuneApi32e.dll' does not exist
LogInit: Display: Running engine for game: AnonU
LogPlatformFile: Not using cached read wrapper
LogInit: Display: RandInit(-1371298407) SRandInit(-1371298406).
LogTaskGraph: Started task graph with 5 named threads and 8 total threads with 3 sets of task threads.
LogStats: Stats thread started at 0.122245
LogD3D11RHI: Aftermath initialized
LogPluginManager: Mounting plugin Paper2D
LogPluginManager: Mounting plugin LightPropagationVolume
LogPluginManager: Mounting plugin CodeLiteSourceCodeAccess
LogPluginManager: Mounting plugin GitSourceControl
LogPluginManager: Mounting plugin KDevelopSourceCodeAccess
LogPluginManager: Mounting plugin NullSourceCodeAccess
LogPluginManager: Mounting plugin PerforceSourceControl
LogPluginManager: Mounting plugin SubversionSourceControl
LogPluginManager: Mounting plugin UObjectPlugin
LogPluginManager: Mounting plugin VisualStudioSourceCodeAccess
LogPluginManager: Mounting plugin XCodeSourceCodeAccess
LogPluginManager: Mounting plugin AssetManagerEditor
LogPluginManager: Mounting plugin AudioCapture
LogPluginManager: Mounting plugin FacialAnimation
LogPluginManager: Mounting plugin GameplayTagsEditor
LogPluginManager: Mounting plugin MobileLauncherProfileWizard
LogPluginManager: Mounting plugin PluginBrowser
LogPluginManager: Mounting plugin SpeedTreeImporter
LogPluginManager: Mounting plugin AlembicImporter
LogPluginManager: Mounting plugin CharacterAI
LogPluginManager: Mounting plugin HTML5Networking
LogPluginManager: Mounting plugin AndroidMedia
LogPluginManager: Mounting plugin AvfMedia
LogPluginManager: Mounting plugin MediaPlayerEditor
LogPluginManager: Mounting plugin WmfMedia
LogPluginManager: Mounting plugin TcpMessaging
LogPluginManager: Mounting plugin UdpMessaging
LogPluginManager: Mounting plugin LevelSequenceEditor
LogPluginManager: Mounting plugin MatineeToLevelSequence
LogPluginManager: Mounting plugin OnlineSubsystemGooglePlay
LogPluginManager: Mounting plugin OnlineSubsystemIOS
LogPluginManager: Mounting plugin OnlineSubsystem
LogPluginManager: Mounting plugin OnlineSubsystemNull
LogPluginManager: Mounting plugin OnlineSubsystemUtils
LogPluginManager: Mounting plugin AndroidDeviceProfileSelector
LogPluginManager: Mounting plugin AndroidMoviePlayer
LogPluginManager: Mounting plugin AndroidPermission
LogPluginManager: Mounting plugin AppleMoviePlayer
LogPluginManager: Mounting plugin ArchVisCharacter
LogPluginManager: Mounting plugin CableComponent
LogPluginManager: Mounting plugin CustomMeshComponent
LogPluginManager: Mounting plugin ExampleDeviceProfileSelector
LogPluginManager: Mounting plugin GoogleCloudMessaging
LogPluginManager: Mounting plugin ImmediatePhysics
LogPluginManager: Mounting plugin IOSDeviceProfileSelector
LogPluginManager: Mounting plugin LinuxDeviceProfileSelector
LogPluginManager: Mounting plugin LocationServicesBPLibrary
LogPluginManager: Mounting plugin MobilePatchingUtils
LogPluginManager: Mounting plugin OculusVR
LogPluginManager: Mounting plugin PhysXVehicles
LogPluginManager: Mounting plugin ProceduralMeshComponent
LogPluginManager: Mounting plugin RuntimePhysXCooking
LogPluginManager: Mounting plugin SteamVR
LogPluginManager: Mounting plugin WindowsMoviePlayer
LogInit: Using libcurl 7.47.1
LogInit:  - built for x86_64-pc-win32
LogInit:  - supports SSL with OpenSSL/1.0.2g
LogInit:  - supports HTTP deflate (compression) using libz 1.2.8
LogInit:  - other features:
LogInit:      CURL_VERSION_SSL
LogInit:      CURL_VERSION_LIBZ
LogInit:      CURL_VERSION_IPV6
LogInit:      CURL_VERSION_ASYNCHDNS
LogInit:      CURL_VERSION_LARGEFILE
LogInit:      CURL_VERSION_IDN
LogInit:  CurlRequestOptions (configurable via config and command line):
LogInit:  - bVerifyPeer = false  - Libcurl will NOT verify peer certificate
LogInit:  - bUseHttpProxy = false  - Libcurl will NOT use HTTP proxy
LogInit:  - bDontReuseConnections = false  - Libcurl will reuse connections
LogInit:  - CertBundlePath = nullptr  - Libcurl will use whatever was configured at build time.
LogInit: Build: ++UE4+Release-4.17-CL-3658906
LogInit: Engine Version: 4.17.2-3658906+++UE4+Release-4.17
LogInit: Compatible Engine Version: 4.17.0-3573198+++UE4+Release-4.17
LogInit: Net CL: 3573198
LogDevObjectVersion: Number of dev versions registered: 16
LogDevObjectVersion:   Dev-Blueprints (B0D832E4-1F89-4F0D-ACCF-7EB736FD4AA2): 10
LogDevObjectVersion:   Dev-Build (E1C64328-A22C-4D53-A36C-8E866417BD8C): 0
LogDevObjectVersion:   Dev-Core (375EC13C-06E4-48FB-B500-84F0262A717E): 2
LogDevObjectVersion:   Dev-Editor (E4B068ED-F494-42E9-A231-DA0B2E46BB41): 20
LogDevObjectVersion:   Dev-Framework (CFFC743F-43B0-4480-9391-14DF171D2073): 28
LogDevObjectVersion:   Dev-Mobile (B02B49B5-BB20-44E9-A304-32B752E40360): 0
LogDevObjectVersion:   Dev-Networking (A4E4105C-59A1-49B5-A7C5-40C4547EDFEE): 0
LogDevObjectVersion:   Dev-Online (39C831C9-5AE6-47DC-9A44-9C173E1C8E7C): 0
LogDevObjectVersion:   Dev-Physics (78F01B33-EBEA-4F98-B9B4-84EACCB95AA2): 0
LogDevObjectVersion:   Dev-Platform (6631380F-2D4D-43E0-8009-CF276956A95A): 0
LogDevObjectVersion:   Dev-Rendering (12F88B9F-8875-4AFC-A67C-D90C383ABD29): 19
LogDevObjectVersion:   Dev-Sequencer (7B5AE74C-D270-4C10-A958-57980B212A5A): 4
LogDevObjectVersion:   Dev-VR (D7296918-1DD6-4BDD-9DE2-64A83CC13884): 0
LogDevObjectVersion:   Dev-LoadTimes (C2A15278-BFE7-4AFE-6C17-90FF531DF755): 1
LogDevObjectVersion:   Private-Geometry (6EACA3D4-40EC-4CC1-B786-8BED09428FC5): 1
LogDevObjectVersion:   Dev-AnimPhys (29E575DD-E0A3-4627-9D10-D276232CDCEA): 7
LogInit: Compiled (64-bit): Sep 22 2017 13:47:16
LogInit: Compiled with Visual C++: 19.00.24215.01
LogInit: Build Configuration: Development
LogInit: Branch Name: ++UE4+Release-4.17
LogInit: Command line: -EpicPortal 
LogInit: Base directory: C:/Program Files/Epic Games/UE_4.17/Engine/Binaries/Win64/
LogInit: Installed Engine Build: 1
LogInit: Presizing for max 8388607 objects, including 0 objects not considered by GC, pre-allocating 0 bytes for permanent pool.
LogInit: Object subsystem initialized
[2017.11.06-23.40.00:452][  0]LogInit: Selected Device Profile: [Windows]
[2017.11.06-23.40.00:452][  0]LogInit: Applying CVar settings loaded from the selected device profile: [Windows]
[2017.11.06-23.40.00:485][  0]LogInit: Computer: ENVY7
[2017.11.06-23.40.00:485][  0]LogInit: User: user
[2017.11.06-23.40.00:485][  0]LogInit: CPU Page size=4096, Cores=2
[2017.11.06-23.40.00:485][  0]LogInit: High frequency timer resolution =2.531250 MHz
[2017.11.06-23.40.00:486][  0]LogMemory: Memory total: Physical=11.9GB (12GB approx)
[2017.11.06-23.40.00:486][  0]LogMemory: Platform Memory Stats for Windows
[2017.11.06-23.40.00:486][  0]LogMemory: Process Physical Memory: 277.19 MB used, 277.19 MB peak
[2017.11.06-23.40.00:486][  0]LogMemory: Process Virtual Memory: 275.79 MB used, 275.79 MB peak
[2017.11.06-23.40.00:486][  0]LogMemory: Physical Memory: 5793.57 MB used,  6382.83 MB free, 12176.41 MB total
[2017.11.06-23.40.00:486][  0]LogMemory: Virtual Memory: 666.72 MB used,  6382.83 MB free, 134217728.00 MB total
[2017.11.06-23.40.00:741][  0]LogInit: Using OS detected language (en-US).
[2017.11.06-23.40.00:741][  0]LogInit: Using OS detected locale (en-US).
[2017.11.06-23.40.00:746][  0]LogTextLocalizationManager: No specific localization for 'en-US' exists, so the 'en' localization will be used.
[2017.11.06-23.40.01:729][  0]LogD3D11RHI: D3D11 adapters:
[2017.11.06-23.40.01:739][  0]LogD3D11RHI:    0. 'Intel(R) HD Graphics 520' (Feature Level 11_0)
[2017.11.06-23.40.01:739][  0]LogD3D11RHI:       128/0/6088 MB DedicatedVideo/DedicatedSystem/SharedSystem, Outputs:2, VendorId:0x8086
[2017.11.06-23.40.01:741][  0]LogD3D11RHI:    1. 'Microsoft Basic Render Driver' (Feature Level 11_0)
[2017.11.06-23.40.01:741][  0]LogD3D11RHI:       0/0/6088 MB DedicatedVideo/DedicatedSystem/SharedSystem, Outputs:0, VendorId:0x1414
[2017.11.06-23.40.01:741][  0]LogD3D11RHI: Chosen D3D11 Adapter: 0
[2017.11.06-23.40.01:747][  0]LogD3D11RHI: Creating new Direct3DDevice
[2017.11.06-23.40.01:747][  0]LogD3D11RHI:     GPU DeviceId: 0x1916 (for the marketing name, search the web for "GPU Device Id")
[2017.11.06-23.40.01:747][  0]LogWindows: EnumDisplayDevices:
[2017.11.06-23.40.01:748][  0]LogWindows:    0. 'Intel(R) HD Graphics 520' (P:1 D:1)
[2017.11.06-23.40.01:748][  0]LogWindows:    1. 'Intel(R) HD Graphics 520' (P:0 D:1)
[2017.11.06-23.40.01:749][  0]LogWindows:    2. 'Intel(R) HD Graphics 520' (P:0 D:0)
[2017.11.06-23.40.01:749][  0]LogWindows: DebugString: FoundDriverCount:3 
[2017.11.06-23.40.01:749][  0]LogD3D11RHI:     Adapter Name: Intel(R) HD Graphics 520
[2017.11.06-23.40.01:749][  0]LogD3D11RHI:   Driver Version: 21.20.16.4542 (internal:21.20.16.4542, unified:21.20.16.4542)
[2017.11.06-23.40.01:749][  0]LogD3D11RHI:      Driver Date: 10-24-2016
[2017.11.06-23.40.01:749][  0]LogRHI: Texture pool is 1361 MB (70% of 1945 MB)
[2017.11.06-23.40.01:757][  0]LogD3D11RHI: Async texture creation enabled
[2017.11.06-23.40.01:763][  0]LogD3D11RHI: GPU Timing Frequency: 12.000000 (Debug: 2 0)
[2017.11.06-23.40.01:765][  0]LogShaderCompilers: Guid format shader working directory is -16 characters bigger than the processId version (../../../../../../Users/user/Documents/Unreal Projects/AnonU/Intermediate/Shaders/WorkingDirectory/17172/).
[2017.11.06-23.40.01:765][  0]LogShaderCompilers: Cleaned the shader compiler working directory 'C:/Users/user/AppData/Local/Temp/UnrealShaderWorkingDir/E135421D422F71E10CCE4497DE566911/'.
[2017.11.06-23.40.01:765][  0]LogShaderCompilers: Display: Using Local Shader Compiler.
[2017.11.06-23.40.02:896][  0]LogTemp: Display: Loaded TP AllDesktopTargetPlatform
[2017.11.06-23.40.02:973][  0]LogTemp: Display: Loaded TP MacClientTargetPlatform
[2017.11.06-23.40.03:050][  0]LogTemp: Display: Loaded TP MacNoEditorTargetPlatform
[2017.11.06-23.40.03:128][  0]LogTemp: Display: Loaded TP MacServerTargetPlatform
[2017.11.06-23.40.03:204][  0]LogTemp: Display: Loaded TP MacTargetPlatform
[2017.11.06-23.40.03:282][  0]LogTemp: Display: Loaded TP WindowsClientTargetPlatform
[2017.11.06-23.40.03:360][  0]LogTemp: Display: Loaded TP WindowsNoEditorTargetPlatform
[2017.11.06-23.40.03:437][  0]LogTemp: Display: Loaded TP WindowsServerTargetPlatform
[2017.11.06-23.40.03:506][  0]LogTemp: Display: Loaded TP WindowsTargetPlatform
[2017.11.06-23.40.03:584][  0]LogTemp: Display: Loaded TP AndroidTargetPlatform
[2017.11.06-23.40.03:657][  0]LogTemp: Display: Loaded TP Android_ASTCTargetPlatform
[2017.11.06-23.40.03:730][  0]LogTemp: Display: Loaded TP Android_ATCTargetPlatform
[2017.11.06-23.40.03:805][  0]LogTemp: Display: Loaded TP Android_DXTTargetPlatform
[2017.11.06-23.40.03:885][  0]LogTemp: Display: Loaded TP Android_ETC1TargetPlatform
[2017.11.06-23.40.03:958][  0]LogTemp: Display: Loaded TP Android_ETC2TargetPlatform
[2017.11.06-23.40.04:109][  0]LogTemp: Display: Loaded TP Android_MultiTargetPlatform
[2017.11.06-23.40.04:109][  0]LogTemp: Display: Loaded TP Android_PVRTCTargetPlatform
[2017.11.06-23.40.04:172][  0]LogTemp: Display: Loaded TP HTML5TargetPlatform
[2017.11.06-23.40.04:297][  0]LogTemp: Display: Loaded TP IOSTargetPlatform
[2017.11.06-23.40.04:335][  0]LogTemp: Display: Loaded TP TVOSTargetPlatform
[2017.11.06-23.40.04:409][  0]LogTemp: Display: Loaded TP LinuxClientTargetPlatform
[2017.11.06-23.40.04:485][  0]LogTemp: Display: Loaded TP LinuxNoEditorTargetPlatform
[2017.11.06-23.40.04:558][  0]LogTemp: Display: Loaded TP LinuxServerTargetPlatform
[2017.11.06-23.40.04:634][  0]LogTemp: Display: Loaded TP LinuxTargetPlatform
[2017.11.06-23.40.04:634][  0]LogTargetPlatformManager: Display: Building Assets For Windows
[2017.11.06-23.40.05:310][  0]LogDerivedDataCache: Display: Max Cache Size: 512 MB
[2017.11.06-23.40.05:421][  0]LogDerivedDataCache: Loaded boot cache 0.11s 93MB C:/Users/user/AppData/Local/UnrealEngine/4.17/DerivedDataCache/Boot.ddc.
[2017.11.06-23.40.05:421][  0]LogDerivedDataCache: Display: Loaded Boot cache: C:/Users/user/AppData/Local/UnrealEngine/4.17/DerivedDataCache/Boot.ddc
[2017.11.06-23.40.05:421][  0]LogDerivedDataCache: FDerivedDataBackendGraph:  Pak pak cache file ../../../../../../Users/user/Documents/Unreal Projects/AnonU/DerivedDataCache/DDC.ddp not found, will not use a pak cache.
[2017.11.06-23.40.05:421][  0]LogDerivedDataCache: Unable to find inner node Pak for hierarchical cache Hierarchy.
[2017.11.06-23.40.05:421][  0]LogDerivedDataCache: FDerivedDataBackendGraph:  CompressedPak pak cache file ../../../../../../Users/user/Documents/Unreal Projects/AnonU/DerivedDataCache/Compressed.ddp not found, will not use a pak cache.
[2017.11.06-23.40.05:421][  0]LogDerivedDataCache: Unable to find inner node CompressedPak for hierarchical cache Hierarchy.
[2017.11.06-23.40.05:440][  0]LogDerivedDataCache: Display: Pak cache opened for reading ../../../Engine/DerivedDataCache/Compressed.ddp.
[2017.11.06-23.40.05:454][  0]LogDerivedDataCache: Using Local data cache path C:/Users/user/AppData/Local/UnrealEngine/Common/DerivedDataCache: Writable
[2017.11.06-23.40.05:466][  0]LogMaterial: Verifying Global Shaders for PCD3D_SM5
[2017.11.06-23.40.05:466][  0]LogSlate: Using Freetype 2.6.0
[2017.11.06-23.40.05:467][  0]LogSlate: SlateFontCache - WITH_FREETYPE: 1, WITH_HARFBUZZ: 1
[2017.11.06-23.40.05:467][  0]LogSlate: SlateFontCache - WITH_FREETYPE: 1, WITH_HARFBUZZ: 1
[2017.11.06-23.40.05:811][  0]LogAssetRegistry: FAssetRegistry took 0.0269 seconds to start up
[2017.11.06-23.40.05:985][  0]LogInit: Selected Device Profile: [Windows]
[2017.11.06-23.40.06:199][  0]LogContentStreaming: Texture pool size is 0.00 MB
[2017.11.06-23.40.06:616][  0]LogSimplygon: Simplygon DLL not present - disabling.
[2017.11.06-23.40.06:681][  0]LogMeshReduction: Using SimplygonSwarm for distributed automatic mesh merging
[2017.11.06-23.40.06:681][  0]LogMeshReduction: Using QuadricMeshReduction for automatic static mesh reduction
[2017.11.06-23.40.06:681][  0]LogMeshReduction: No automatic skeletal mesh reduction module available
[2017.11.06-23.40.06:681][  0]LogMeshReduction: No automatic mesh merging module available
[2017.11.06-23.40.06:681][  0]LogMeshMerging: No automatic mesh merging module available
[2017.11.06-23.40.07:171][  0]LogNetVersion: AnonU , NetCL: 3573198, EngineNetVer: 2, GameNetVer: 0 (Checksum: 2782841342)
[2017.11.06-23.40.07:575][  0]LogPackageLocalizationCache: Processed 5 localized package path(s) for 2 prioritized culture(s) in 0.138355 seconds
[2017.11.06-23.40.07:582][  0]LogUObjectArray: 35825 objects as part of root set at end of initial load.
[2017.11.06-23.40.07:582][  0]LogUObjectAllocator: 7529112 out of 0 bytes used by permanent object pool.
[2017.11.06-23.40.07:582][  0]LogUObjectArray: CloseDisregardForGC: 0/0 objects in disregard for GC pool
[2017.11.06-23.40.07:667][  0]LogInit: WinSock: version 1.1 (2.2), MaxSocks=32767, MaxUdp=65467
[2017.11.06-23.40.11:448][  0]LogTcpMessaging: Initializing TcpMessaging bridge
[2017.11.06-23.40.11:508][  0]LogUdpMessaging: Initializing bridge on interface 0.0.0.0:0 to multicast group 230.0.0.1:6666.
[2017.11.06-23.40.12:498][  0]LogMaterial: Uniform references updated for custom material expression Custom.
[2017.11.06-23.40.13:133][  0]SourceControl: Source control is disabled
[2017.11.06-23.40.13:133][  0]SourceControl: Source control is disabled
[2017.11.06-23.40.13:213][  0]SourceControl: Source control is disabled
[2017.11.06-23.40.13:291][  0]SourceControl: Source control is disabled
[2017.11.06-23.40.14:210][  0]LogAndroidPermission: UAndroidPermissionCallbackProxy::GetInstance
[2017.11.06-23.40.14:603][  0]LogOcInput: OculusInput pre-init called
[2017.11.06-23.40.14:990][  0]LogEngine: Initializing Engine...
[2017.11.06-23.40.14:993][  0]LogHMD: Failed to initialize OpenVR with code 110
[2017.11.06-23.40.15:279][  0]LogStats: UGameplayTagsManager::ConstructGameplayTagTree: Construct from data asset -  0.000 s
[2017.11.06-23.40.15:279][  0]LogStats: UGameplayTagsManager::ConstructGameplayTagTree: GameplayTagTreeChangedEvent.Broadcast -  0.000 s
[2017.11.06-23.40.15:481][  0]LogAIModule: Creating AISystem for world Untitled
[2017.11.06-23.40.15:491][  0]LogInit: XAudio2 using 'Speakers (Conexant SmartAudio HD)' : 2 channels at 48 kHz using 32 bits per sample (channel mask 0x3)
[2017.11.06-23.40.15:505][  0]LogInit: FAudioDevice initialized.
[2017.11.06-23.40.15:603][  0]LogDerivedDataCache: Saved boot cache 0.10s 93MB C:/Users/user/AppData/Local/UnrealEngine/4.17/DerivedDataCache/Boot.ddc.
[2017.11.06-23.40.15:620][  0]LogInit: Texture streaming: Enabled
[2017.11.06-23.40.15:771][  0]LogEngineSessionManager: EngineSessionManager initialized
[2017.11.06-23.40.16:122][  0]LogInit: Transaction tracking system initialized
[2017.11.06-23.40.16:614][  0]BlueprintLog: New page: Editor Load
[2017.11.06-23.40.17:996][  0]LocalizationService: Localization service is disabled
[2017.11.06-23.40.19:169][  0]LogConsoleResponse: Display: 
[2017.11.06-23.40.19:424][  0]LogCook: Display: Max memory allowance for cook 16384mb min free memory 0mb
[2017.11.06-23.40.19:424][  0]LogCook: Display: Mobile HDR setting 1
[2017.11.06-23.40.19:424][  0]LogGameplayTags: Display: UGameplayTagsManager::DoneAddingNativeTags. DelegateIsBound: 0
[2017.11.06-23.40.19:923][  0]LogFileCache: Scanning file cache for directory 'C:/Users/user/Documents/Unreal Projects/AnonU/Content/' took 0.02s
[2017.11.06-23.40.21:071][  0]SourceControl: Source control is disabled
[2017.11.06-23.40.21:071][  0]Cmd: MAP LOAD FILE="../../../../../../Users/user/Documents/Unreal Projects/AnonU/Content/TopDownBP/Maps/TopDownExampleMap.umap" TEMPLATE=0 SHOWPROGRESS=1 FEATURELEVEL=3
[2017.11.06-23.40.21:084][  0]LightingResults: New page: Lighting Build
[2017.11.06-23.40.21:155][  0]MapCheck: New page: Map Check
[2017.11.06-23.40.21:155][  0]LightingResults: New page: Lighting Build
[2017.11.06-23.40.22:094][  0]LogAIModule: Creating AISystem for world TopDownExampleMap
[2017.11.06-23.40.23:193][  0]LogStreaming: Display: ULevelStreaming::RequestLevel(/Game/TopDownBP/Maps/Minigame) is flushing async loading
[2017.11.06-23.40.23:313][  0]LogBlueprint: Warning: [Compiler PuzzlePlayerCharacter] InputAction Event references unknown Action 'TriggerClick' for  InputAction TriggerClick
[2017.11.06-23.40.23:313][  0]LogBlueprint: Error: [Compiler PuzzlePlayerCharacter] In use pin  <Unnamed>  no longer exists on this node. Please refresh node or break links to remove pin.
[2017.11.06-23.40.23:313][  0]LogBlueprint: Error: [Compiler PuzzlePlayerCharacter] In use pin  <Unnamed>  no longer exists on this node. Please refresh node or break links to remove pin.
[2017.11.06-23.40.23:313][  0]LogBlueprint: Error: [Compiler PuzzlePlayerCharacter] In use pin  Target  no longer exists on this node. Please refresh node or break links to remove pin.
[2017.11.06-23.40.23:313][  0]LogBlueprint: Error: [Compiler PuzzlePlayerCharacter] Could not find a function named "HighlightOff" in 'PuzzleBlock_C'.
Make sure 'PuzzleBlock_C' has been compiled for  Highlight Off
[2017.11.06-23.40.23:314][  0]LogBlueprint: Error: [Compiler PuzzlePlayerCharacter] In use pin  <Unnamed>  no longer exists on this node. Please refresh node or break links to remove pin.
[2017.11.06-23.40.23:314][  0]LogBlueprint: Error: [Compiler PuzzlePlayerCharacter] In use pin  Target  no longer exists on this node. Please refresh node or break links to remove pin.
[2017.11.06-23.40.23:314][  0]LogBlueprint: Error: [Compiler PuzzlePlayerCharacter] Could not find a function named "HighlightOn" in 'PuzzleBlock_C'.
Make sure 'PuzzleBlock_C' has been compiled for  Highlight On
[2017.11.06-23.40.23:315][  0]LogBlueprint: Error: [Compiler PuzzlePlayerCharacter] This blueprint (self) is not a PuzzleBlock_C, therefore ' Target ' must have a connection.
[2017.11.06-23.40.23:317][  0]LogBlueprint: Warning: [Compiler PuzzlePlayerCharacter] [0025.60] Compile of PuzzlePlayerCharacter failed. 8 Fatal Issue(s) 1 Warning(s) [in 8 ms] (/Game/PuzzleBP/Blueprints/PuzzlePlayerCharacter.PuzzlePlayerCharacter)
[2017.11.06-23.40.23:490][  0]LogEditorServer: Finished looking for orphan Actors (0.000 secs)
[2017.11.06-23.40.23:543][  0]Cmd: MAP CHECKDEP NOCLEARLOG
[2017.11.06-23.40.23:682][  0]MapCheck: Map check complete: 0 Error(s), 0 Warning(s), took 138.757ms to complete.
[2017.11.06-23.40.23:682][  0]LogFileHelpers: Loading map 'TopDownExampleMap' took 2.612
[2017.11.06-23.40.23:753][  0]LogWindowsTextInputMethodSystem: Display: IME system now deactivated.
[2017.11.06-23.40.23:753][  0]LogWindowsTextInputMethodSystem: Display: IME system now deactivated.
[2017.11.06-23.40.23:882][  0]LogCollectionManager: Loaded 0 collections in 0.001719 seconds
[2017.11.06-23.40.23:999][  0]LogFileCache: Scanning file cache for directory 'C:/Users/user/Documents/Unreal Projects/AnonU/Saved/Collections/' took 0.01s
[2017.11.06-23.40.23:999][  0]LogFileCache: Scanning file cache for directory 'C:/Users/user/Documents/Unreal Projects/AnonU/Content/Developers/user/Collections/' took 0.01s
[2017.11.06-23.40.23:999][  0]LogFileCache: Scanning file cache for directory 'C:/Users/user/Documents/Unreal Projects/AnonU/Content/Collections/' took 0.01s
[2017.11.06-23.40.23:999][  0]LogCollectionManager: Rebuilt the GUID cache for 0 collections in 0.000001 seconds
[2017.11.06-23.40.24:009][  0]LogContentBrowser: Native class hierarchy populated in 0.0098 seconds. Added 2386 classes and 500 folders.
[2017.11.06-23.40.24:105][  0]LogContentBrowser: Native class hierarchy updated for 'WidgetCarousel' in 0.0008 seconds. Added 0 classes and 0 folders.
[2017.11.06-23.40.24:619][  0]LogContentBrowser: Native class hierarchy updated for 'AddContentDialog' in 0.0009 seconds. Added 0 classes and 0 folders.
[2017.11.06-23.40.24:689][  0]LogContentBrowser: Native class hierarchy updated for 'SceneOutliner' in 0.0010 seconds. Added 1 classes and 2 folders.
[2017.11.06-23.40.24:908][  0]LogContentBrowser: Native class hierarchy updated for 'HierarchicalLODOutliner' in 0.0011 seconds. Added 1 classes and 2 folders.
[2017.11.06-23.40.24:909][  0]LogLoad: (Engine Initialization) Total time: 27.19 seconds
[2017.11.06-23.40.24:909][  0]LogLoad: (Engine Initialization) Total Blueprint compile time: 0.00 seconds
[2017.11.06-23.40.24:909][  0]LogExternalProfiler: No external profilers were discovered.  External profiling features will not be available.
[2017.11.06-23.40.24:948][  0]LogContentStreaming: Texture pool size now 1000 MB
[2017.11.06-23.40.24:950][  0]LogSlate: Took 0.000370 seconds to synchronously load lazily loaded font '../../../Engine/Content/Slate/Fonts/Roboto-Regular.ttf' (155K)
[2017.11.06-23.40.24:953][  0]LogSlate: Took 0.000548 seconds to synchronously load lazily loaded font '../../../Engine/Content/Slate/Fonts/Roboto-Bold.ttf' (160K)
[2017.11.06-23.40.24:967][  0]LogSlate: Took 0.008792 seconds to synchronously load lazily loaded font '../../../Engine/Content/Editor/Slate/Fonts/FontAwesome.ttf' (139K)
[2017.11.06-23.40.25:098][  0]LogSlate: Took 0.007053 seconds to synchronously load lazily loaded font '../../../Engine/Content/Slate/Fonts/Roboto-Light.ttf' (159K)
[2017.11.06-23.40.25:159][  1]LogRenderer: Reallocating scene render targets to support 832x452 Format 10 NumSamples 1 (Frame:1).
[2017.11.06-23.40.25:833][  1]LogAssetRegistry: Asset discovery search completed in 20.0439 seconds
[2017.11.06-23.40.25:835][  1]LogCollectionManager: Rebuilt the object cache for 0 collections in 0.000001 seconds (found 0 objects)
[2017.11.06-23.40.25:835][  1]LogCollectionManager: Fixed up redirectors for 0 collections in 0.000042 seconds (updated 0 objects)
[2017.11.06-23.41.24:040][819]LogEditorViewport: Clicking on Actor (LMB): catSprites_Sprite_0_Blueprint_C (catSprites_Sprite_0_Blueprint)
[2017.11.06-23.41.24:197][819]LogEditorViewport: Clicking on Component (LMB): PaperFlipbookComponent (PaperFlipbook)
[2017.11.06-23.41.24:402][820]LogEditorViewport: Clicking on Component (LMB): PaperFlipbookComponent (PaperFlipbook)
[2017.11.06-23.41.26:721][866]LogSlate: Took 0.000420 seconds to synchronously load lazily loaded font '../../../Engine/Content/Slate/Fonts/Roboto-Light.ttf' (159K)
[2017.11.06-23.41.27:443][866]LogContentBrowser: Native class hierarchy updated for 'BlueprintGraph' in 0.0011 seconds. Added 113 classes and 0 folders.
[2017.11.06-23.41.28:521][866]LogBlueprintUserMessages: [catSprites_Sprite_0_Blueprint_C_0] Cat: Meow
[2017.11.06-23.41.28:550][866]LogSlate: Took 0.008581 seconds to synchronously load lazily loaded font '../../../Engine/Content/Editor/Slate/Fonts/Roboto-BoldCondensed.ttf' (158K)
[2017.11.06-23.41.28:804][867]LogSlate: Took 0.010760 seconds to synchronously load lazily loaded font '../../../Engine/Content/Editor/Slate/Fonts/Roboto-Italic.ttf' (157K)
[2017.11.06-23.41.33:212][953]LogRenderer: Reallocating scene render targets to support 988x452 Format 10 NumSamples 1 (Frame:1).
[2017.11.06-23.48.18:993][571]LogTemp: Repeating last play command: Selected Viewport
[2017.11.06-23.48.19:172][571]LogBlueprintUserMessages: Early PlayInEditor Detection: Level '/Game/TopDownBP/Maps/TopDownExampleMap.TopDownExampleMap:PersistentLevel' has LevelScriptBlueprint '/Game/TopDownBP/Maps/TopDownExampleMap.TopDownExampleMap:PersistentLevel.TopDownExampleMap' with GeneratedClass '/Game/TopDownBP/Maps/TopDownExampleMap.TopDownExampleMap_C' with ClassGeneratedBy '/Game/TopDownBP/Maps/TopDownExampleMap.TopDownExampleMap:PersistentLevel.TopDownExampleMap'
[2017.11.06-23.48.19:172][571]LogBlueprintUserMessages: Early PlayInEditor Detection: Level '/Game/TopDownBP/Maps/Minigame.Minigame:PersistentLevel' has LevelScriptBlueprint '/Game/TopDownBP/Maps/Minigame.Minigame:PersistentLevel.Minigame' with GeneratedClass '/Game/TopDownBP/Maps/Minigame.Minigame_C' with ClassGeneratedBy '/Game/TopDownBP/Maps/Minigame.Minigame:PersistentLevel.Minigame'
[2017.11.06-23.48.19:172][571]LogPlayLevel: PlayLevel: No blueprints needed recompiling
[2017.11.06-23.48.20:557][571]PIE: New page: PIE session: TopDownExampleMap (Nov 6, 2017, 1:48:20 PM)
[2017.11.06-23.48.20:557][571]LogPlayLevel: Creating play world package: /Game/TopDownBP/Maps/UEDPIE_0_TopDownExampleMap
[2017.11.06-23.48.20:596][571]LogPlayLevel: PIE: StaticDuplicateObject took: (0.038522s)
[2017.11.06-23.48.20:597][571]LogAIModule: Creating AISystem for world TopDownExampleMap
[2017.11.06-23.48.20:597][571]LogPlayLevel: PIE: World Init took: (0.001161s)
[2017.11.06-23.48.20:597][571]LogPlayLevel: PIE: Created PIE world by copying editor world from /Game/TopDownBP/Maps/TopDownExampleMap.TopDownExampleMap to /Game/TopDownBP/Maps/UEDPIE_0_TopDownExampleMap.TopDownExampleMap (0.040117s)
[2017.11.06-23.48.20:685][571]LogInit: XAudio2 using 'Speakers (Conexant SmartAudio HD)' : 2 channels at 48 kHz using 32 bits per sample (channel mask 0x3)
[2017.11.06-23.48.20:690][571]LogInit: FAudioDevice initialized.
[2017.11.06-23.48.20:736][571]LogLoad: Game class is 'TopDownGameMode_C'
[2017.11.06-23.48.20:741][571]LogWorld: Bringing World /Game/TopDownBP/Maps/UEDPIE_0_TopDownExampleMap.TopDownExampleMap up for play (max tick rate 0) at 2017.11.06-18.48.20
[2017.11.06-23.48.20:742][571]LogWorld: Bringing up level for play took: 0.004260
[2017.11.06-23.48.20:803][571]LogContentBrowser: Native class hierarchy updated for 'MovieSceneCapture' in 0.0008 seconds. Added 11 classes and 0 folders.
[2017.11.06-23.48.20:805][571]PIE: Play in editor start time for /Game/TopDownBP/Maps/UEDPIE_0_TopDownExampleMap 1.375
[2017.11.06-23.48.20:805][571]LogBlueprintUserMessages: Late PlayInEditor Detection: Level '/Game/TopDownBP/Maps/TopDownExampleMap.TopDownExampleMap:PersistentLevel' has LevelScriptBlueprint '/Game/TopDownBP/Maps/TopDownExampleMap.TopDownExampleMap:PersistentLevel.TopDownExampleMap' with GeneratedClass '/Game/TopDownBP/Maps/TopDownExampleMap.TopDownExampleMap_C' with ClassGeneratedBy '/Game/TopDownBP/Maps/TopDownExampleMap.TopDownExampleMap:PersistentLevel.TopDownExampleMap'
[2017.11.06-23.48.20:805][571]LogBlueprintUserMessages: Late PlayInEditor Detection: Level '/Game/TopDownBP/Maps/Minigame.Minigame:PersistentLevel' has LevelScriptBlueprint '/Game/TopDownBP/Maps/Minigame.Minigame:PersistentLevel.Minigame' with GeneratedClass '/Game/TopDownBP/Maps/Minigame.Minigame_C' with ClassGeneratedBy '/Game/TopDownBP/Maps/Minigame.Minigame:PersistentLevel.Minigame'
[2017.11.06-23.48.24:538][722]LogBlueprintUserMessages: [TopDownExampleMap_C_4] trigger works
[2017.11.06-23.48.24:538][722]LogBlueprintUserMessages: [TopDownExampleMap_C_4] You need the password
[2017.11.06-23.48.28:556][893]LogBlueprintUserMessages: [TopDownExampleMap_C_4] GIrl: find my cat and I will bring you the password
[2017.11.06-23.48.32:645][ 68]LogBlueprintUserMessages: [catSprites_Sprite_0_Blueprint] Cat: Meow
[2017.11.06-23.48.36:850][252]LogBlueprintUserMessages: [TopDownExampleMap_C_4] Girl: the password is 'admin' 
[2017.11.06-23.48.39:160][351]LogBlueprintUserMessages: [TopDownExampleMap_C_4] trigger works
[2017.11.06-23.48.39:183][352]LogNet: Browse: /Game/TopDownBP/Maps/Minigame
[2017.11.06-23.48.39:204][352]LogLoad: LoadMap: /Game/TopDownBP/Maps/Minigame
[2017.11.06-23.48.39:255][352]Cmd: MEM
[2017.11.06-23.48.39:293][352]LogMemory: Platform Memory Stats for Windows
[2017.11.06-23.48.39:293][352]LogMemory: Process Physical Memory: 2109.25 MB used, 2114.91 MB peak
[2017.11.06-23.48.39:294][352]LogMemory: Process Virtual Memory: 2102.57 MB used, 2108.82 MB peak
[2017.11.06-23.48.39:294][352]LogMemory: Physical Memory: 7019.58 MB used,  5156.82 MB free, 12176.41 MB total
[2017.11.06-23.48.39:294][352]LogMemory: Virtual Memory: 2928.89 MB used,  5156.82 MB free, 134217728.00 MB total
[2017.11.06-23.48.39:294][352]LogMemory: 
[2017.11.06-23.48.39:294][352]Allocator Stats for TBB: (not implemented)
[2017.11.06-23.48.39:294][352]LogPlayLevel: Creating play world package: /Game/TopDownBP/Maps/UEDPIE_0_Minigame
[2017.11.06-23.48.39:330][352]LogPlayLevel: PIE: StaticDuplicateObject took: (0.036318s)
[2017.11.06-23.48.39:331][352]LogAIModule: Creating AISystem for world Minigame
[2017.11.06-23.48.39:331][352]LogPlayLevel: PIE: World Init took: (0.001273s)
[2017.11.06-23.48.39:332][352]LogPlayLevel: PIE: Created PIE world by copying editor world from /Game/TopDownBP/Maps/Minigame.Minigame to /Game/TopDownBP/Maps/UEDPIE_0_Minigame.Minigame (0.038016s)
[2017.11.06-23.48.39:332][352]LogLoad: Game class is 'PuzzleGameMode_C'
[2017.11.06-23.48.39:336][352]LogWorld: Bringing World /Game/TopDownBP/Maps/UEDPIE_0_Minigame.Minigame up for play (max tick rate 0) at 2017.11.06-18.48.39
[2017.11.06-23.48.39:337][352]LogWorld: Bringing up level for play took: 0.004210
[2017.11.06-23.48.39:337][352]LogGameMode: FindPlayerStart: PATHS NOT DEFINED or NO PLAYERSTART with positive rating
[2017.11.06-23.48.39:569][352]LogLoad: Took 0.365235 seconds to LoadMap(/Game/TopDownBP/Maps/UEDPIE_0_Minigame)
[2017.11.06-23.48.43:107][427]LogBlueprintUserMessages: Early EndPlayMap Detection: Level '/Game/TopDownBP/Maps/TopDownExampleMap.TopDownExampleMap:PersistentLevel' has LevelScriptBlueprint '/Game/TopDownBP/Maps/TopDownExampleMap.TopDownExampleMap:PersistentLevel.TopDownExampleMap' with GeneratedClass '/Game/TopDownBP/Maps/TopDownExampleMap.TopDownExampleMap_C' with ClassGeneratedBy '/Game/TopDownBP/Maps/TopDownExampleMap.TopDownExampleMap:PersistentLevel.TopDownExampleMap'
[2017.11.06-23.48.43:107][427]LogBlueprintUserMessages: Early EndPlayMap Detection: Level '/Game/TopDownBP/Maps/Minigame.Minigame:PersistentLevel' has LevelScriptBlueprint '/Game/TopDownBP/Maps/Minigame.Minigame:PersistentLevel.Minigame' with GeneratedClass '/Game/TopDownBP/Maps/Minigame.Minigame_C' with ClassGeneratedBy '/Game/TopDownBP/Maps/Minigame.Minigame:PersistentLevel.Minigame'
[2017.11.06-23.48.43:302][427]LogBlueprintUserMessages: Late EndPlayMap Detection: Level '/Game/TopDownBP/Maps/TopDownExampleMap.TopDownExampleMap:PersistentLevel' has LevelScriptBlueprint '/Game/TopDownBP/Maps/TopDownExampleMap.TopDownExampleMap:PersistentLevel.TopDownExampleMap' with GeneratedClass '/Game/TopDownBP/Maps/TopDownExampleMap.TopDownExampleMap_C' with ClassGeneratedBy '/Game/TopDownBP/Maps/TopDownExampleMap.TopDownExampleMap:PersistentLevel.TopDownExampleMap'
[2017.11.06-23.48.43:302][427]LogBlueprintUserMessages: Late EndPlayMap Detection: Level '/Game/TopDownBP/Maps/Minigame.Minigame:PersistentLevel' has LevelScriptBlueprint '/Game/TopDownBP/Maps/Minigame.Minigame:PersistentLevel.Minigame' with GeneratedClass '/Game/TopDownBP/Maps/Minigame.Minigame_C' with ClassGeneratedBy '/Game/TopDownBP/Maps/Minigame.Minigame:PersistentLevel.Minigame'
[2017.11.06-23.49.45:318][917]LogWindowsTextInputMethodSystem: Display: IME system now deactivated.
[2017.11.06-23.49.45:319][917]LogWindowsTextInputMethodSystem: Display: IME system now deactivated.
[2017.11.06-23.49.45:645][918]Cmd: QUIT_EDITOR
[2017.11.06-23.49.46:313][918]LogExit: Preparing to exit.
[2017.11.06-23.49.46:968][918]LogDirectoryWatcher: A directory notification for 'C:/Users/user/Documents/Unreal Projects/AnonU/Content/' was aborted.
[2017.11.06-23.49.47:031][918]LogExit: Editor shut down
[2017.11.06-23.49.47:035][918]LogExit: Transaction tracking system shut down
[2017.11.06-23.49.47:278][918]LogDirectoryWatcher: A directory notification for '../../../Engine/Content/' was aborted.
[2017.11.06-23.49.47:278][918]LogDirectoryWatcher: A directory notification for '../../../../../../Users/user/Documents/Unreal Projects/AnonU/Content/' was aborted.
[2017.11.06-23.49.47:278][918]LogDirectoryWatcher: A directory notification for '../../../Engine/Plugins/2D/Paper2D/Content/' was aborted.
[2017.11.06-23.49.47:278][918]LogDirectoryWatcher: A directory notification for '../../../Engine/Plugins/Runtime/Oculus/OculusVR/Content/' was aborted.
[2017.11.06-23.49.47:278][918]LogDirectoryWatcher: A directory notification for '../../../Engine/Plugins/Runtime/Steam/SteamVR/Content/' was aborted.
[2017.11.06-23.49.47:358][918]LogExit: Object subsystem successfully closed.
[2017.11.06-23.49.47:401][918]LogD3D11RHI: Shutdown
[2017.11.06-23.49.47:401][918]LogD3D11RHI: CleanupD3DDevice
[2017.11.06-23.49.47:640][918]LogD3D11RHI: ~FD3D11DynamicRHI
[2017.11.06-23.49.47:672][918]LogModuleManager: Shutting down and abandoning module MovieSceneCapture (536)
[2017.11.06-23.49.47:672][918]LogModuleManager: Shutting down and abandoning module BlueprintGraph (534)
[2017.11.06-23.49.47:672][918]LogModuleManager: Shutting down and abandoning module BlueprintProfiler (532)
[2017.11.06-23.49.47:672][918]LogModuleManager: Shutting down and abandoning module HierarchicalLODOutliner (530)
[2017.11.06-23.49.47:672][918]LogModuleManager: Shutting down and abandoning module SceneOutliner (528)
[2017.11.06-23.49.47:673][918]LogModuleManager: Shutting down and abandoning module AddContentDialog (526)
[2017.11.06-23.49.47:673][918]LogDirectoryWatcher: A directory notification for 'C:/Program Files/Epic Games/UE_4.17/FeaturePacks/' was aborted.
[2017.11.06-23.49.47:675][918]LogModuleManager: Shutting down and abandoning module WidgetCarousel (525)
[2017.11.06-23.49.47:675][918]LogModuleManager: Shutting down and abandoning module EditorWidgets (522)
[2017.11.06-23.49.47:675][918]LogModuleManager: Shutting down and abandoning module CollectionManager (520)
[2017.11.06-23.49.47:675][918]LogDirectoryWatcher: A directory notification for 'C:/Users/user/Documents/Unreal Projects/AnonU/Content/Collections/' was aborted.
[2017.11.06-23.49.47:675][918]LogDirectoryWatcher: A directory notification for 'C:/Users/user/Documents/Unreal Projects/AnonU/Content/Developers/user/Collections/' was aborted.
[2017.11.06-23.49.47:675][918]LogDirectoryWatcher: A directory notification for 'C:/Users/user/Documents/Unreal Projects/AnonU/Saved/Collections/' was aborted.
[2017.11.06-23.49.47:675][918]LogModuleManager: Shutting down and abandoning module StatsViewer (518)
[2017.11.06-23.49.47:675][918]LogModuleManager: Shutting down and abandoning module FoliageEdit (516)
[2017.11.06-23.49.47:675][918]LogModuleManager: Shutting down and abandoning module LandscapeEditor (514)
[2017.11.06-23.49.47:675][918]LogModuleManager: Shutting down and abandoning module MeshPaintMode (512)
[2017.11.06-23.49.47:675][918]LogModuleManager: Shutting down and abandoning module SceneDepthPickerMode (510)
[2017.11.06-23.49.47:675][918]LogModuleManager: Shutting down and abandoning module ActorPickerMode (508)
[2017.11.06-23.49.47:675][918]LogModuleManager: Shutting down and abandoning module GeometryMode (506)
[2017.11.06-23.49.47:675][918]LogModuleManager: Shutting down and abandoning module TextureAlignMode (504)
[2017.11.06-23.49.47:675][918]LogModuleManager: Shutting down and abandoning module BspMode (502)
[2017.11.06-23.49.47:675][918]LogModuleManager: Shutting down and abandoning module PIEPreviewDeviceProfileSelector (500)
[2017.11.06-23.49.47:675][918]LogModuleManager: Shutting down and abandoning module HardwareSurvey (498)
[2017.11.06-23.49.47:675][918]LogModuleManager: Shutting down and abandoning module SequenceRecorderSections (496)
[2017.11.06-23.49.47:675][918]LogModuleManager: Shutting down and abandoning module AutomationWorker (494)
[2017.11.06-23.49.47:675][918]LogModuleManager: Shutting down and abandoning module MatineeToLevelSequence (492)
[2017.11.06-23.49.47:675][918]LogModuleManager: Shutting down and abandoning module LevelSequenceEditor (490)
[2017.11.06-23.49.47:676][918]LogModuleManager: Shutting down and abandoning module PlacementMode (489)
[2017.11.06-23.49.47:676][918]LogModuleManager: Shutting down and abandoning module WmfMediaFactory (486)
[2017.11.06-23.49.47:676][918]LogModuleManager: Shutting down and abandoning module WmfMediaEditor (484)
[2017.11.06-23.49.47:676][918]LogModuleManager: Shutting down and abandoning module AvfMediaFactory (482)
[2017.11.06-23.49.47:676][918]LogModuleManager: Shutting down and abandoning module AvfMediaEditor (480)
[2017.11.06-23.49.47:676][918]LogModuleManager: Shutting down and abandoning module AndroidMediaFactory (478)
[2017.11.06-23.49.47:676][918]LogModuleManager: Shutting down and abandoning module Media (477)
[2017.11.06-23.49.47:676][918]LogModuleManager: Shutting down and abandoning module AndroidMediaEditor (474)
[2017.11.06-23.49.47:676][918]LogModuleManager: Shutting down and abandoning module CharacterAI (472)
[2017.11.06-23.49.47:676][918]LogModuleManager: Shutting down and abandoning module AudioCapture (470)
[2017.11.06-23.49.47:676][918]LogModuleManager: Shutting down and abandoning module SequenceRecorder (469)
[2017.11.06-23.49.47:676][918]LogModuleManager: Shutting down and abandoning module SmartSnapping (466)
[2017.11.06-23.49.47:676][918]LogModuleManager: Shutting down and abandoning module SessionServices (464)
[2017.11.06-23.49.47:676][918]LogModuleManager: Shutting down and abandoning module ViewportSnapping (462)
[2017.11.06-23.49.47:676][918]LogModuleManager: Shutting down and abandoning module ViewportInteraction (460)
[2017.11.06-23.49.47:676][918]LogModuleManager: Shutting down and abandoning module ClothPainter (458)
[2017.11.06-23.49.47:676][918]LogModuleManager: Shutting down and abandoning module LogVisualizer (456)
[2017.11.06-23.49.47:676][918]LogModuleManager: Shutting down and abandoning module IntroTutorials (454)
[2017.11.06-23.49.47:676][918]LogModuleManager: Shutting down and abandoning module GameProjectGeneration (453)
[2017.11.06-23.49.47:676][918]LogModuleManager: Shutting down and abandoning module IOSPlatformEditor (450)
[2017.11.06-23.49.47:676][918]LogModuleManager: Shutting down and abandoning module HTML5PlatformEditor (448)
[2017.11.06-23.49.47:676][918]LogModuleManager: Shutting down and abandoning module AndroidPlatformEditor (446)
[2017.11.06-23.49.47:676][918]LogModuleManager: Shutting down and abandoning module AndroidDeviceDetection (445)
[2017.11.06-23.49.47:818][918]LogModuleManager: Shutting down and abandoning module WindowsPlatformEditor (442)
[2017.11.06-23.49.47:818][918]LogModuleManager: Shutting down and abandoning module IOSRuntimeSettings (440)
[2017.11.06-23.49.47:818][918]LogModuleManager: Shutting down and abandoning module AndroidRuntimeSettings (438)
[2017.11.06-23.49.47:818][918]LogModuleManager: Shutting down and abandoning module InputBindingEditor (436)
[2017.11.06-23.49.47:818][918]LogModuleManager: Shutting down and abandoning module MergeActors (434)
[2017.11.06-23.49.47:818][918]LogModuleManager: Shutting down and abandoning module SizeMap (432)
[2017.11.06-23.49.47:818][918]LogModuleManager: Shutting down and abandoning module TreeMap (430)
[2017.11.06-23.49.47:818][918]LogModuleManager: Shutting down and abandoning module ReferenceViewer (428)
[2017.11.06-23.49.47:818][918]LogModuleManager: Shutting down and abandoning module LocalizationDashboard (426)
[2017.11.06-23.49.47:818][918]LogModuleManager: Shutting down and abandoning module LocalizationService (425)
[2017.11.06-23.49.47:818][918]LogModuleManager: Shutting down and abandoning module HardwareTargeting (422)
[2017.11.06-23.49.47:818][918]LogModuleManager: Shutting down and abandoning module DeviceProfileEditor (420)
[2017.11.06-23.49.47:818][918]LogModuleManager: Shutting down and abandoning module UndoHistory (418)
[2017.11.06-23.49.47:818][918]LogModuleManager: Shutting down and abandoning module XmlParser (416)
[2017.11.06-23.49.47:818][918]LogModuleManager: Shutting down and abandoning module Blutility (414)
[2017.11.06-23.49.47:818][918]LogModuleManager: Shutting down and abandoning module ProjectSettingsViewer (412)
[2017.11.06-23.49.47:818][918]LogModuleManager: Shutting down and abandoning module ProjectTargetPlatformEditor (411)
[2017.11.06-23.49.47:818][918]LogModuleManager: Shutting down and abandoning module EditorSettingsViewer (408)
[2017.11.06-23.49.47:818][918]LogModuleManager: Shutting down and abandoning module SettingsEditor (406)
[2017.11.06-23.49.47:818][918]LogModuleManager: Shutting down and abandoning module ProjectLauncher (404)
[2017.11.06-23.49.47:818][918]LogModuleManager: Shutting down and abandoning module SessionFrontend (402)
[2017.11.06-23.49.47:818][918]LogModuleManager: Shutting down and abandoning module ProfilerClient (400)
[2017.11.06-23.49.47:818][918]LogModuleManager: Shutting down and abandoning module DeviceManager (398)
[2017.11.06-23.49.47:818][918]LogModuleManager: Shutting down and abandoning module TargetDeviceServices (397)
[2017.11.06-23.49.47:871][918]LogModuleManager: Shutting down and abandoning module AutomationController (394)
[2017.11.06-23.49.47:871][918]LogModuleManager: Shutting down and abandoning module AutomationWindow (392)
[2017.11.06-23.49.47:871][918]LogModuleManager: Shutting down and abandoning module Layers (390)
[2017.11.06-23.49.47:871][918]LogModuleManager: Shutting down and abandoning module ComponentVisualizers (388)
[2017.11.06-23.49.47:871][918]LogModuleManager: Shutting down and abandoning module DetailCustomizations (386)
[2017.11.06-23.49.47:871][918]LogModuleManager: Shutting down and abandoning module PackagesDialog (384)
[2017.11.06-23.49.47:871][918]LogModuleManager: Shutting down and abandoning module Persona (382)
[2017.11.06-23.49.47:871][918]LogModuleManager: Shutting down and abandoning module AdvancedPreviewScene (381)
[2017.11.06-23.49.47:871][918]LogModuleManager: Shutting down and abandoning module AnimGraph (379)
[2017.11.06-23.49.47:871][918]LogModuleManager: Shutting down and abandoning module Kismet (376)
[2017.11.06-23.49.47:877][918]LogModuleManager: Shutting down and abandoning module ClassViewer (374)
[2017.11.06-23.49.47:877][918]LogModuleManager: Shutting down and abandoning module Toolbox (372)
[2017.11.06-23.49.47:877][918]LogModuleManager: Shutting down and abandoning module ModuleUI (370)
[2017.11.06-23.49.47:877][918]LogModuleManager: Shutting down and abandoning module MovieSceneTools (368)
[2017.11.06-23.49.47:877][918]LogModuleManager: Shutting down and abandoning module OutputLog (366)
[2017.11.06-23.49.47:877][918]LogModuleManager: Shutting down and abandoning module GammaUI (364)
[2017.11.06-23.49.47:877][918]LogModuleManager: Shutting down and abandoning module Documentation (362)
[2017.11.06-23.49.47:877][918]LogModuleManager: Shutting down and abandoning module MovieSceneTracks (360)
[2017.11.06-23.49.47:877][918]LogModuleManager: Shutting down and abandoning module MovieScene (358)
[2017.11.06-23.49.47:877][918]LogModuleManager: Shutting down and abandoning module Niagara (356)
[2017.11.06-23.49.47:877][918]LogModuleManager: Shutting down and abandoning module NiagaraEditor (355)
[2017.11.06-23.49.47:877][918]LogModuleManager: Shutting down and abandoning module StreamingPauseRendering (352)
[2017.11.06-23.49.47:877][918]LogModuleManager: Shutting down and abandoning module LauncherPlatform (350)
[2017.11.06-23.49.47:877][918]LogModuleManager: Shutting down and abandoning module AnalyticsET (348)
[2017.11.06-23.49.47:877][918]LogModuleManager: Shutting down and abandoning module PortalServices (346)
[2017.11.06-23.49.47:878][918]LogModuleManager: Shutting down and abandoning module PortalRpc (344)
[2017.11.06-23.49.47:878][918]LogModuleManager: Shutting down and abandoning module MessagingRpc (342)
[2017.11.06-23.49.47:878][918]LogModuleManager: Shutting down and abandoning module AIModule (340)
[2017.11.06-23.49.47:878][918]LogModuleManager: Shutting down and abandoning module GameplayDebugger (339)
[2017.11.06-23.49.47:878][918]LogModuleManager: Shutting down and abandoning module AITestSuite (337)
[2017.11.06-23.49.47:878][918]LogModuleManager: Shutting down and abandoning module ProfilerService (334)
[2017.11.06-23.49.48:035][918]LogModuleManager: Shutting down and abandoning module TaskGraph (332)
[2017.11.06-23.49.48:035][918]LogModuleManager: Shutting down and abandoning module SteamVRController (330)
[2017.11.06-23.49.48:035][918]LogModuleManager: Shutting down and abandoning module ProceduralMeshComponentEditor (328)
[2017.11.06-23.49.48:035][918]LogModuleManager: Shutting down and abandoning module ProceduralMeshComponent (326)
[2017.11.06-23.49.48:035][918]LogModuleManager: Shutting down and abandoning module OculusInput (324)
[2017.11.06-23.49.48:035][918]LogModuleManager: Shutting down and abandoning module MobilePatchingUtils (322)
[2017.11.06-23.49.48:035][918]LogModuleManager: Shutting down and abandoning module CustomMeshComponent (320)
[2017.11.06-23.49.48:035][918]LogModuleManager: Shutting down and abandoning module CableComponent (318)
[2017.11.06-23.49.48:036][918]LogModuleManager: Shutting down and abandoning module ArchVisCharacter (316)
[2017.11.06-23.49.48:036][918]LogModuleManager: Shutting down and abandoning module AndroidPermission (314)
[2017.11.06-23.49.48:036][918]LogModuleManager: Shutting down and abandoning module MediaPlayerEditor (310)
[2017.11.06-23.49.48:036][918]LogModuleManager: Shutting down and abandoning module HTML5Networking (308)
[2017.11.06-23.49.48:036][918]LogModuleManager: Shutting down and abandoning module AlembicImporter (306)
[2017.11.06-23.49.48:036][918]LogModuleManager: Shutting down and abandoning module AlembicLibrary (305)
[2017.11.06-23.49.48:036][918]LogModuleManager: Shutting down and abandoning module GeometryCache (304)
[2017.11.06-23.49.48:036][918]LogModuleManager: Shutting down and abandoning module GeometryCacheEd (303)
[2017.11.06-23.49.48:036][918]LogModuleManager: Shutting down and abandoning module SpeedTreeImporter (298)
[2017.11.06-23.49.48:036][918]LogModuleManager: Shutting down and abandoning module PluginBrowser (296)
[2017.11.06-23.49.48:037][918]LogModuleManager: Shutting down and abandoning module MobileLauncherProfileWizard (294)
[2017.11.06-23.49.48:037][918]LogModuleManager: Shutting down and abandoning module VisualStudioSourceCodeAccess (292)
[2017.11.06-23.49.48:037][918]LogModuleManager: Shutting down and abandoning module DesktopPlatform (291)
[2017.11.06-23.49.48:037][918]LogModuleManager: Shutting down and abandoning module UObjectPlugin (288)
[2017.11.06-23.49.48:037][918]LogModuleManager: Shutting down and abandoning module SubversionSourceControl (286)
[2017.11.06-23.49.48:037][918]LogModuleManager: Shutting down and abandoning module PerforceSourceControl (284)
[2017.11.06-23.49.48:037][918]LogModuleManager: Shutting down and abandoning module GitSourceControl (282)
[2017.11.06-23.49.48:038][918]LogModuleManager: Shutting down and abandoning module SourceControl (281)
[2017.11.06-23.49.48:038][918]LogModuleManager: Shutting down and abandoning module LightPropagationVolumeEditor (278)
[2017.11.06-23.49.48:038][918]LogModuleManager: Shutting down and abandoning module PaperTiledImporter (276)
[2017.11.06-23.49.48:038][918]LogModuleManager: Shutting down and abandoning module PaperSpriteSheetImporter (274)
[2017.11.06-23.49.48:038][918]LogModuleManager: Shutting down and abandoning module Paper2DEditor (272)
[2017.11.06-23.49.48:038][918]LogModuleManager: Shutting down and abandoning module MeshPaint (271)
[2017.11.06-23.49.48:038][918]LogModuleManager: Shutting down and abandoning module LevelEditor (269)
[2017.11.06-23.49.48:040][918]LogModuleManager: Shutting down and abandoning module PixelInspectorModule (268)
[2017.11.06-23.49.48:040][918]LogModuleManager: Shutting down and abandoning module MainFrame (266)
[2017.11.06-23.49.48:041][918]LogModuleManager: Shutting down and abandoning module HotReload (265)
[2017.11.06-23.49.48:062][918]LogModuleManager: Shutting down and abandoning module RuntimePhysXCooking (260)
[2017.11.06-23.49.48:062][918]LogModuleManager: Shutting down and abandoning module PhysXVehiclesEditor (258)
[2017.11.06-23.49.48:062][918]LogModuleManager: Shutting down and abandoning module PhysXVehicles (256)
[2017.11.06-23.49.48:062][918]LogModuleManager: Shutting down and abandoning module OculusEditor (254)
[2017.11.06-23.49.48:062][918]LogModuleManager: Shutting down and abandoning module LocationServicesBPLibrary (252)
[2017.11.06-23.49.48:062][918]LogModuleManager: Shutting down and abandoning module ImmediatePhysicsEditor (250)
[2017.11.06-23.49.48:062][918]LogModuleManager: Shutting down and abandoning module ImmediatePhysics (248)
[2017.11.06-23.49.48:062][918]LogModuleManager: Shutting down and abandoning module UdpMessaging (246)
[2017.11.06-23.49.48:163][918]LogModuleManager: Shutting down and abandoning module TcpMessaging (244)
[2017.11.06-23.49.48:264][918]LogModuleManager: Shutting down and abandoning module GameplayTagsEditor (242)
[2017.11.06-23.49.48:264][918]LogModuleManager: Shutting down and abandoning module FacialAnimationEditor (240)
[2017.11.06-23.49.48:264][918]LogModuleManager: Shutting down and abandoning module FacialAnimation (238)
[2017.11.06-23.49.48:264][918]LogModuleManager: Shutting down and abandoning module AssetManagerEditor (236)
[2017.11.06-23.49.48:264][918]LogModuleManager: Shutting down and abandoning module GraphEditor (235)
[2017.11.06-23.49.48:264][918]LogModuleManager: Shutting down and abandoning module ContentBrowser (233)
[2017.11.06-23.49.48:266][918]LogModuleManager: Shutting down and abandoning module LightPropagationVolumeRuntime (230)
[2017.11.06-23.49.48:266][918]LogModuleManager: Shutting down and abandoning module Paper2D (228)
[2017.11.06-23.49.48:266][918]LogModuleManager: Shutting down and abandoning module WindowsMoviePlayer (226)
[2017.11.06-23.49.48:266][918]LogModuleManager: Shutting down and abandoning module WmfMedia (224)
[2017.11.06-23.49.48:266][918]LogModuleManager: Shutting down and abandoning module PacketHandler (222)
[2017.11.06-23.49.48:266][918]LogModuleManager: Shutting down and abandoning module ClothingSystemEditor (220)
[2017.11.06-23.49.48:266][918]LogModuleManager: Shutting down and abandoning module ClothingSystemRuntime (218)
[2017.11.06-23.49.48:266][918]LogModuleManager: Shutting down and abandoning module Overlay (216)
[2017.11.06-23.49.48:266][918]LogModuleManager: Shutting down and abandoning module OverlayEditor (215)
[2017.11.06-23.49.48:266][918]LogModuleManager: Shutting down and abandoning module MediaAssets (212)
[2017.11.06-23.49.48:266][918]LogModuleManager: Shutting down and abandoning module VREditor (210)
[2017.11.06-23.49.48:266][918]LogModuleManager: Shutting down and abandoning module StringTableEditor (208)
[2017.11.06-23.49.48:266][918]LogModuleManager: Shutting down and abandoning module GameplayTasksEditor (206)
[2017.11.06-23.49.48:267][918]LogModuleManager: Shutting down and abandoning module BehaviorTreeEditor (204)
[2017.11.06-23.49.48:267][918]LogModuleManager: Shutting down and abandoning module FunctionalTesting (202)
[2017.11.06-23.49.48:267][918]LogModuleManager: Shutting down and abandoning module CollisionAnalyzer (200)
[2017.11.06-23.49.48:267][918]LogModuleManager: Shutting down and abandoning module WorkspaceMenuStructure (199)
[2017.11.06-23.49.48:267][918]LogModuleManager: Shutting down and abandoning module UMG (196)
[2017.11.06-23.49.48:267][918]LogModuleManager: Shutting down and abandoning module UMGEditor (195)
[2017.11.06-23.49.48:267][918]LogModuleManager: Shutting down and abandoning module Sequencer (194)
[2017.11.06-23.49.48:267][918]LogModuleManager: Shutting down and abandoning module MessageLog (191)
[2017.11.06-23.49.48:267][918]LogModuleManager: Shutting down and abandoning module SlateReflector (186)
[2017.11.06-23.49.48:267][918]LogModuleManager: Shutting down and abandoning module Slate (184)
[2017.11.06-23.49.48:267][918]LogModuleManager: Shutting down and abandoning module EditorStyle (182)
[2017.11.06-23.49.48:271][918]LogModuleManager: Shutting down and abandoning module MRMesh (180)
[2017.11.06-23.49.48:271][918]LogModuleManager: Shutting down and abandoning module SourceCodeAccess (178)
[2017.11.06-23.49.48:271][918]LogModuleManager: Shutting down and abandoning module HeadMountedDisplay (176)
[2017.11.06-23.49.48:271][918]LogModuleManager: Shutting down and abandoning module XAudio2 (174)
[2017.11.06-23.49.48:272][918]LogModuleManager: Shutting down and abandoning module Networking (172)
[2017.11.06-23.49.48:272][918]LogModuleManager: Shutting down and abandoning module Core (168)
[2017.11.06-23.49.48:272][918]LogModuleManager: Shutting down and abandoning module KismetCompiler (164)
[2017.11.06-23.49.48:272][918]LogModuleManager: Shutting down and abandoning module LevelSequence (162)
[2017.11.06-23.49.48:272][918]LogModuleManager: Shutting down and abandoning module MeshUtilities (160)
[2017.11.06-23.49.48:272][918]LogModuleManager: Shutting down and abandoning module MeshMergeUtilities (159)
[2017.11.06-23.49.48:272][918]LogModuleManager: Shutting down and abandoning module MeshReductionInterface (158)
[2017.11.06-23.49.48:272][918]LogModuleManager: Shutting down and abandoning module SimplygonSwarm (157)
[2017.11.06-23.49.48:272][918]LogModuleManager: Shutting down and abandoning module SimplygonMeshReduction (155)
[2017.11.06-23.49.48:272][918]LogModuleManager: Shutting down and abandoning module QuadricMeshReduction (153)
[2017.11.06-23.49.48:272][918]LogModuleManager: Shutting down and abandoning module MaterialBaking (149)
[2017.11.06-23.49.48:272][918]LogModuleManager: Shutting down and abandoning module DirectoryWatcher (146)
[2017.11.06-23.49.48:273][918]LogModuleManager: Shutting down and abandoning module DerivedDataCache (144)
[2017.11.06-23.49.48:302][918]LogDerivedDataCache: Shutdown
[2017.11.06-23.49.48:302][918]LogModuleManager: Shutting down and abandoning module TargetPlatform (142)
[2017.11.06-23.49.48:302][918]LogModuleManager: Shutting down and abandoning module VulkanShaderFormat (141)
[2017.11.06-23.49.48:302][918]LogModuleManager: Shutting down and abandoning module ShaderFormatVectorVM (139)
[2017.11.06-23.49.48:302][918]LogModuleManager: Shutting down and abandoning module ShaderFormatOpenGL (137)
[2017.11.06-23.49.48:302][918]LogModuleManager: Shutting down and abandoning module ShaderFormatD3D (135)
[2017.11.06-23.49.48:302][918]LogModuleManager: Shutting down and abandoning module MetalShaderFormat (133)
[2017.11.06-23.49.48:302][918]LogModuleManager: Shutting down and abandoning module TextureFormatUncompressed (131)
[2017.11.06-23.49.48:302][918]LogModuleManager: Shutting down and abandoning module TextureFormatPVR (129)
[2017.11.06-23.49.48:302][918]LogModuleManager: Shutting down and abandoning module TextureFormatDXT (127)
[2017.11.06-23.49.48:302][918]LogModuleManager: Shutting down and abandoning module TextureFormatIntelISPCTexComp (125)
[2017.11.06-23.49.48:302][918]LogModuleManager: Shutting down and abandoning module TextureFormatASTC (123)
[2017.11.06-23.49.48:302][918]LogModuleManager: Shutting down and abandoning module ImageWrapper (122)
[2017.11.06-23.49.48:302][918]LogModuleManager: Shutting down and abandoning module TextureFormatAndroid (119)
[2017.11.06-23.49.48:302][918]LogModuleManager: Shutting down and abandoning module AudioFormatOpus (117)
[2017.11.06-23.49.48:302][918]LogModuleManager: Shutting down and abandoning module AudioFormatOgg (115)
[2017.11.06-23.49.48:302][918]LogModuleManager: Shutting down and abandoning module AudioFormatADPCM (113)
[2017.11.06-23.49.48:302][918]LogModuleManager: Shutting down and abandoning module LinuxTargetPlatform (111)
[2017.11.06-23.49.48:302][918]LogModuleManager: Shutting down and abandoning module LinuxServerTargetPlatform (109)
[2017.11.06-23.49.48:302][918]LogModuleManager: Shutting down and abandoning module LinuxNoEditorTargetPlatform (107)
[2017.11.06-23.49.48:302][918]LogModuleManager: Shutting down and abandoning module LinuxClientTargetPlatform (105)
[2017.11.06-23.49.48:302][918]LogModuleManager: Shutting down and abandoning module TVOSTargetPlatform (103)
[2017.11.06-23.49.48:302][918]LogModuleManager: Shutting down and abandoning module Messaging (101)
[2017.11.06-23.49.48:302][918]LogModuleManager: Shutting down and abandoning module IOSTargetPlatform (99)
[2017.11.06-23.49.48:302][918]LogModuleManager: Shutting down and abandoning module HTML5TargetPlatform (97)
[2017.11.06-23.49.48:303][918]LogModuleManager: Shutting down and abandoning module Android_PVRTCTargetPlatform (95)
[2017.11.06-23.49.48:303][918]LogModuleManager: Shutting down and abandoning module Android_MultiTargetPlatform (93)
[2017.11.06-23.49.48:303][918]LogModuleManager: Shutting down and abandoning module Android_ETC2TargetPlatform (91)
[2017.11.06-23.49.48:303][918]LogModuleManager: Shutting down and abandoning module Android_ETC1TargetPlatform (89)
[2017.11.06-23.49.48:303][918]LogModuleManager: Shutting down and abandoning module Android_DXTTargetPlatform (87)
[2017.11.06-23.49.48:303][918]LogModuleManager: Shutting down and abandoning module Android_ATCTargetPlatform (85)
[2017.11.06-23.49.48:303][918]LogModuleManager: Shutting down and abandoning module Android_ASTCTargetPlatform (83)
[2017.11.06-23.49.48:303][918]LogModuleManager: Shutting down and abandoning module AndroidTargetPlatform (81)
[2017.11.06-23.49.48:303][918]LogModuleManager: Shutting down and abandoning module WindowsTargetPlatform (79)
[2017.11.06-23.49.48:303][918]LogModuleManager: Shutting down and abandoning module WindowsServerTargetPlatform (77)
[2017.11.06-23.49.48:303][918]LogModuleManager: Shutting down and abandoning module WindowsNoEditorTargetPlatform (75)
[2017.11.06-23.49.48:303][918]LogModuleManager: Shutting down and abandoning module WindowsClientTargetPlatform (73)
[2017.11.06-23.49.48:303][918]LogModuleManager: Shutting down and abandoning module MacTargetPlatform (71)
[2017.11.06-23.49.48:303][918]LogModuleManager: Shutting down and abandoning module MacServerTargetPlatform (69)
[2017.11.06-23.49.48:303][918]LogModuleManager: Shutting down and abandoning module MacNoEditorTargetPlatform (67)
[2017.11.06-23.49.48:303][918]LogModuleManager: Shutting down and abandoning module MacClientTargetPlatform (65)
[2017.11.06-23.49.48:303][918]LogModuleManager: Shutting down and abandoning module AllDesktopTargetPlatform (63)
[2017.11.06-23.49.48:303][918]LogModuleManager: Shutting down and abandoning module InputCore (60)
[2017.11.06-23.49.48:303][918]LogModuleManager: Shutting down and abandoning module Settings (58)
[2017.11.06-23.49.48:303][918]LogModuleManager: Shutting down and abandoning module PhysXCooking (56)
[2017.11.06-23.49.48:303][918]LogModuleManager: Shutting down and abandoning module SteamVR (54)
[2017.11.06-23.49.48:303][918]LogModuleManager: Shutting down and abandoning module OculusHMD (52)
[2017.11.06-23.49.48:303][918]LogModuleManager: Shutting down and abandoning module ExampleDeviceProfileSelector (50)
[2017.11.06-23.49.48:303][918]LogModuleManager: Shutting down and abandoning module OnlineBlueprintSupport (48)
[2017.11.06-23.49.48:303][918]LogModuleManager: Shutting down and abandoning module OnlineSubsystem (44)
[2017.11.06-23.49.48:303][918]LogOnline: Display: Unloading online subsystem: NULL
[2017.11.06-23.49.48:303][918]LogModuleManager: Shutting down and abandoning module XMPP (43)
[2017.11.06-23.49.48:303][918]LogModuleManager: Shutting down and abandoning module HTTP (41)
[2017.11.06-23.49.48:303][918]LogHttp: Display: Http module shutting down, but needs to wait on 1 outstanding Http requests:
[2017.11.06-23.49.48:303][918]LogHttp: Display: 	verb=[POST] url=[https://datarouter.ol.epicgames.com/datarouter/api/v1/public/data?SessionID=%7BD166CCF9-48F6-43F0-AC7B-008CA4A21A9A%7D&AppID=UEEditor.Rocket.Release&AppVersion=4.17.2-3658906%2B%2B%2BUE4%2BRelease-4.17&UserID=41a143184e9be66d9302f488723665ea%7C2bfb41104bad46e3825f2c716324dbf2%7C0e256bf2-6630-4e87-a7b2-5d618d98ab5c&AppEnvironment=datacollector-binary&UploadType=eteventstream] status=Processing
[2017.11.06-23.49.48:314][918]LogModuleManager: Shutting down and abandoning module SSL (40)
[2017.11.06-23.49.48:315][918]LogModuleManager: Shutting down and abandoning module AnimationModifiers (36)
[2017.11.06-23.49.48:315][918]LogModuleManager: Shutting down and abandoning module PropertyEditor (35)
[2017.11.06-23.49.48:315][918]LogModuleManager: Shutting down and abandoning module AudioEditor (32)
[2017.11.06-23.49.48:315][918]LogModuleManager: Shutting down and abandoning module TextureCompressor (30)
[2017.11.06-23.49.48:315][918]LogModuleManager: Shutting down and abandoning module ShaderCore (28)
[2017.11.06-23.49.48:315][918]LogModuleManager: Shutting down and abandoning module Landscape (26)
[2017.11.06-23.49.48:315][918]LogModuleManager: Shutting down and abandoning module SlateRHIRenderer (24)
[2017.11.06-23.49.48:316][918]LogModuleManager: Shutting down and abandoning module OpenGLDrv (22)
[2017.11.06-23.49.48:316][918]LogModuleManager: Shutting down and abandoning module D3D11RHI (20)
[2017.11.06-23.49.48:316][918]LogModuleManager: Shutting down and abandoning module AnimGraphRuntime (18)
[2017.11.06-23.49.48:316][918]LogModuleManager: Shutting down and abandoning module Renderer (16)
[2017.11.06-23.49.48:316][918]LogModuleManager: Shutting down and abandoning module Engine (14)
[2017.11.06-23.49.48:316][918]LogModuleManager: Shutting down and abandoning module CoreUObject (12)
[2017.11.06-23.49.48:316][918]LogModuleManager: Shutting down and abandoning module NetworkFile (10)
[2017.11.06-23.49.48:316][918]LogModuleManager: Shutting down and abandoning module CookedIterativeFile (8)
[2017.11.06-23.49.48:316][918]LogModuleManager: Shutting down and abandoning module StreamingFile (6)
[2017.11.06-23.49.48:316][918]LogModuleManager: Shutting down and abandoning module SandboxFile (4)
[2017.11.06-23.49.48:316][918]LogModuleManager: Shutting down and abandoning module PakFile (2)
[2017.11.06-23.49.48:318][918]LogExit: Exiting.
[2017.11.06-23.49.48:339][918]Log file closed, 11/06/17 18:49:48
